#
# A fatal error has been detected by the Java Runtime Environment:
#
#  EXCEPTION_ACCESS_VIOLATION (0xc0000005) at pc=0x00007ff8eef20055, pid=6732, tid=340
#
# JRE version: OpenJDK Runtime Environment (11.0.8+10) (build 11.0.8+10-b944.6842174)
# Java VM: OpenJDK 64-Bit Server VM (11.0.8+10-b944.6842174, mixed mode, tiered, compressed oops, g1 gc, windows-amd64)
# Problematic frame:
# V  [jvm.dll+0x320055]
#
# No core dump will be written. Minidumps are not enabled by default on client versions of Windows
#
# If you would like to submit a bug report, please visit:
#   https://bugreport.java.com/bugreport/crash.jsp
#

---------------  S U M M A R Y ------------

Command Line: --add-opens=java.base/java.util=ALL-UNNAMED --add-opens=java.base/java.lang=ALL-UNNAMED --add-opens=java.base/java.lang.invoke=ALL-UNNAMED --add-opens=java.prefs/java.util.prefs=ALL-UNNAMED -Xmx2048m -Dfile.encoding=UTF-8 -Duser.country=US -Duser.language=en -Duser.variant org.gradle.launcher.daemon.bootstrap.GradleDaemon 6.7.1

Host: Intel(R) Core(TM) i7-7500U CPU @ 2.70GHz, 4 cores, 7G,  Windows 10 , 64 bit Build 19041 (10.0.19041.928)
Time: Fri May 28 04:43:54 2021 Egypt Standard Time elapsed time: 87 seconds (0d 0h 1m 27s)

---------------  T H R E A D  ---------------

Current thread (0x000001e93d348000):  JavaThread "C2 CompilerThread0" daemon [_thread_in_native, id=340, stack(0x000000270d500000,0x000000270d600000)]


Current CompileTask:
C2:  87108 2980       4       sun.net.util.URLUtil::urlNoFragString (114 bytes)

Stack: [0x000000270d500000,0x000000270d600000],  sp=0x000000270d5fbbd0,  free space=1006k
Native frames: (J=compiled Java code, j=interpreted, Vv=VM code, C=native code)
V  [jvm.dll+0x320055]
V  [jvm.dll+0x31db4f]
V  [jvm.dll+0x31d39a]
V  [jvm.dll+0x1f7702]
V  [jvm.dll+0x1f68d4]
V  [jvm.dll+0x17f32c]
V  [jvm.dll+0x205047]
V  [jvm.dll+0x203891]
V  [jvm.dll+0x6dad3f]
V  [jvm.dll+0x6d3895]
V  [jvm.dll+0x5dd4a6]
C  [ucrtbase.dll+0x21bb2]
C  [KERNEL32.DLL+0x17034]
C  [ntdll.dll+0x52651]


siginfo: EXCEPTION_ACCESS_VIOLATION (0xc0000005), reading address 0xffffffffffffffff


Register to memory mapping:

RIP=0x00007ff8eef20055 jvm.dll
RAX=0x000001e941321d28 points into unknown readable memory: 10 99 20 42 e9 01 00 00
RBX=0x000001e941321c58 points into unknown readable memory: f8 0e 39 ef f8 7f 00 00
RCX=0x0000000000000007 is an unknown value
RDX=0x000001e940a20950 points into unknown readable memory: 07 ff fe fd e7 bf ff f7
RSP=0x000000270d5fbbd0 is pointing into the stack for thread: 0x000001e93d348000
RBP=0x0000000000000008 is an unknown value
RSI=0x000000270d5fbc90 is pointing into the stack for thread: 0x000001e93d348000
RDI=0x000801e94190e530 is an unknown value
R8 =0x0000000000000001 is an unknown value
R9 =0x0000000000000001 is an unknown value
R10=0x0000000000000001 is an unknown value
R11=0x000000270d5fe8a8 is pointing into the stack for thread: 0x000001e93d348000
R12=0x000000270d5fbce0 is pointing into the stack for thread: 0x000001e93d348000
R13=0x0 is NULL
R14=0x0000000000000004 is an unknown value
R15=0x000000270d5fc140 is pointing into the stack for thread: 0x000001e93d348000


Registers:
RAX=0x000001e941321d28, RBX=0x000001e941321c58, RCX=0x0000000000000007, RDX=0x000001e940a20950
RSP=0x000000270d5fbbd0, RBP=0x0000000000000008, RSI=0x000000270d5fbc90, RDI=0x000801e94190e530
R8 =0x0000000000000001, R9 =0x0000000000000001, R10=0x0000000000000001, R11=0x000000270d5fe8a8
R12=0x000000270d5fbce0, R13=0x0000000000000000, R14=0x0000000000000004, R15=0x000000270d5fc140
RIP=0x00007ff8eef20055, EFLAGS=0x0000000000010206

Top of Stack: (sp=0x000000270d5fbbd0)
0x000000270d5fbbd0:   000001e940f0ee90 000000270d5fbc90
0x000000270d5fbbe0:   000000270d5fbc90 00000000000003ff
0x000000270d5fbbf0:   000001e940a20860 000001e940a20950
0x000000270d5fbc00:   000001e940a20850 000001e93d301bd0
0x000000270d5fbc10:   000001e93d32c428 000001e93d301bd0
0x000000270d5fbc20:   000001e940a96720 0000000000004200
0x000000270d5fbc30:   000000270d5fc140 00007ff8eef1db4f
0x000000270d5fbc40:   000000270d5fbd40 000001e93d301bd0
0x000000270d5fbc50:   0000000000004200 0000000000000300
0x000000270d5fbc60:   000000000000039a 000000000000039a
0x000000270d5fbc70:   0000000000000000 000000000000c640
0x000000270d5fbc80:   0000000000000101 0000000000000000
0x000000270d5fbc90:   000001e940a1c410 000001e940a205d0
0x000000270d5fbca0:   000001e940a1c3d0 000001e93d301bd0
0x000000270d5fbcb0:   0000000100001002 00007ff902000002
0x000000270d5fbcc0:   000001e9217b0000 0000000000000000 

Instructions: (pc=0x00007ff8eef20055)
0x00007ff8eef1ff55:   00 00 00 41 3b ce 73 0a 49 8b 41 20 49 8b 14 00
0x00007ff8eef1ff65:   eb 03 49 8b d5 48 3b d7 74 0b ff c1 49 83 c0 08
0x00007ff8eef1ff75:   41 3b ca 72 de 41 2b cb 49 8b 41 40 48 8b 04 c8
0x00007ff8eef1ff85:   44 39 68 18 76 09 48 8b 40 20 48 8b 38 eb 03 49
0x00007ff8eef1ff95:   8b fd 4c 8b 4b 08 49 8b 09 48 85 c9 74 26 4c 8b
0x00007ff8eef1ffa5:   41 10 4d 85 c0 74 1d 8b 41 20 49 8d 14 c0 48 39
0x00007ff8eef1ffb5:   5a f8 48 8d 52 f8 75 f6 ff c8 89 41 20 49 8b 0c
0x00007ff8eef1ffc5:   c0 48 89 0a 49 89 39 eb 3b 83 7b 18 01 75 5e 49
0x00007ff8eef1ffd5:   8b 08 49 8b 7f 10 48 85 c9 74 26 4c 8b 49 10 4d
0x00007ff8eef1ffe5:   85 c9 74 1d 8b 41 20 49 8d 14 c1 48 39 5a f8 48
0x00007ff8eef1fff5:   8d 52 f8 75 f6 ff c8 89 41 20 49 8b 0c c1 48 89
0x00007ff8eef20005:   0a 49 89 38 48 85 ff 74 24 4c 39 6f 10 74 1e 8b
0x00007ff8eef20015:   57 20 3b 57 24 75 08 48 8b cf e8 7c f1 29 00 8b
0x00007ff8eef20025:   4f 20 48 8b 47 10 48 89 1c c8 ff 47 20 3b 6b 1c
0x00007ff8eef20035:   0f 83 a5 00 00 00 0f 1f 44 00 00 48 8b 43 08 8b
0x00007ff8eef20045:   cd ff c5 48 8b 3c c8 48 85 ff 0f 84 82 00 00 00
0x00007ff8eef20055:   8b 4f 28 8b c1 c1 e8 05 41 3b 44 24 10 72 11 49
0x00007ff8eef20065:   8b 04 24 8b d1 49 8b cc ff 50 18 45 8b cd eb 21
0x00007ff8eef20075:   83 e1 1f 41 b8 01 00 00 00 41 d3 e0 8b c8 45 8b
0x00007ff8eef20085:   c8 49 8b 44 24 18 44 23 0c 88 48 8d 14 88 44 09
0x00007ff8eef20095:   02 8b 47 28 41 3b 47 68 0f 83 c9 00 00 00 8b c8
0x00007ff8eef200a5:   49 8b 47 78 4c 39 2c c8 0f 84 b9 00 00 00 45 85
0x00007ff8eef200b5:   c9 75 1f 48 83 06 10 48 8b 06 48 3b 46 08 72 08
0x00007ff8eef200c5:   48 8b ce e8 13 e3 29 00 48 8b 06 48 89 38 44 89
0x00007ff8eef200d5:   68 08 3b 6b 1c 0f 82 60 ff ff ff 48 8b 03 48 8b
0x00007ff8eef200e5:   cb ff 90 a8 00 00 00 84 c0 75 5c 8b 43 1c 49 8b
0x00007ff8eef200f5:   ed 45 8b d5 85 c0 74 33 48 8b 53 08 44 8b c8 48
0x00007ff8eef20105:   8b 02 48 85 c0 74 1a 8b 48 28 49 8b 47 78 4c 8b
0x00007ff8eef20115:   04 c8 41 8b 40 50 44 3b d0 7d 06 49 8b e8 44 8b
0x00007ff8eef20125:   d0 48 83 c2 08 49 83 e9 01 75 d4 8b 5b 28 41 3b
0x00007ff8eef20135:   5f 68 72 0b 8b d3 49 8d 4f 68 e8 dc bf de ff 49
0x00007ff8eef20145:   8b 47 78 48 89 2c d8 48 8b 44 24 20 48 3b 44 24 


Stack slot to memory mapping:
stack at sp + 0 slots: 0x000001e940f0ee90 points into unknown readable memory: a8 19 40 ef f8 7f 00 00
stack at sp + 1 slots: 0x000000270d5fbc90 is pointing into the stack for thread: 0x000001e93d348000
stack at sp + 2 slots: 0x000000270d5fbc90 is pointing into the stack for thread: 0x000001e93d348000
stack at sp + 3 slots: 0x00000000000003ff is an unknown value
stack at sp + 4 slots: 0x000001e940a20860 points into unknown readable memory: b8 1b 32 41 e9 01 00 00
stack at sp + 5 slots: 0x000001e940a20950 points into unknown readable memory: 07 ff fe fd e7 bf ff f7
stack at sp + 6 slots: 0x000001e940a20850 points into unknown readable memory: 00 1b 32 41 e9 01 00 00
stack at sp + 7 slots: 0x000001e93d301bd0 points into unknown readable memory: 06 00 00 00 00 07 4b 00


---------------  P R O C E S S  ---------------

Threads class SMR info:
_java_thread_list=0x000001e93ec5f0b0, length=30, elements={
0x000001e9238ce800, 0x000001e93d32e800, 0x000001e93d33c000, 0x000001e93dcc2800,
0x000001e93d345800, 0x000001e93d348000, 0x000001e93d34d000, 0x000001e93d36a800,
0x000001e93ddf4000, 0x000001e93de07000, 0x000001e93e817000, 0x000001e93e86a800,
0x000001e93f47a800, 0x000001e93e86b000, 0x000001e93f46d000, 0x000001e93ec74000,
0x000001e93ef41800, 0x000001e93ef42000, 0x000001e93f2de800, 0x000001e93f2df000,
0x000001e93ebf6000, 0x000001e93ebf3800, 0x000001e93ebf4000, 0x000001e93ebf5000,
0x000001e93ebf0000, 0x000001e93ebf1000, 0x000001e93ebf2000, 0x000001e93ebf6800,
0x000001e93ebf2800, 0x000001e93f7b8000
}

Java Threads: ( => current thread )
  0x000001e9238ce800 JavaThread "main" [_thread_blocked, id=11608, stack(0x000000270ca00000,0x000000270cb00000)]
  0x000001e93d32e800 JavaThread "Reference Handler" daemon [_thread_blocked, id=9556, stack(0x000000270d100000,0x000000270d200000)]
  0x000001e93d33c000 JavaThread "Finalizer" daemon [_thread_blocked, id=10904, stack(0x000000270d200000,0x000000270d300000)]
  0x000001e93dcc2800 JavaThread "Signal Dispatcher" daemon [_thread_blocked, id=10732, stack(0x000000270d300000,0x000000270d400000)]
  0x000001e93d345800 JavaThread "Attach Listener" daemon [_thread_blocked, id=10936, stack(0x000000270d400000,0x000000270d500000)]
=>0x000001e93d348000 JavaThread "C2 CompilerThread0" daemon [_thread_in_native, id=340, stack(0x000000270d500000,0x000000270d600000)]
  0x000001e93d34d000 JavaThread "C1 CompilerThread0" daemon [_thread_blocked, id=10352, stack(0x000000270d600000,0x000000270d700000)]
  0x000001e93d36a800 JavaThread "Sweeper thread" daemon [_thread_blocked, id=11652, stack(0x000000270d700000,0x000000270d800000)]
  0x000001e93ddf4000 JavaThread "Common-Cleaner" daemon [_thread_blocked, id=11440, stack(0x000000270d800000,0x000000270d900000)]
  0x000001e93de07000 JavaThread "Service Thread" daemon [_thread_blocked, id=9048, stack(0x000000270d900000,0x000000270da00000)]
  0x000001e93e817000 JavaThread "Daemon health stats" [_thread_blocked, id=3580, stack(0x000000270dd00000,0x000000270de00000)]
  0x000001e93e86a800 JavaThread "Incoming local TCP Connector on port 59739" [_thread_in_native, id=7424, stack(0x000000270df00000,0x000000270e000000)]
  0x000001e93f47a800 JavaThread "Daemon periodic checks" [_thread_blocked, id=1480, stack(0x000000270e000000,0x000000270e100000)]
  0x000001e93e86b000 JavaThread "Daemon" [_thread_blocked, id=9976, stack(0x000000270e100000,0x000000270e200000)]
  0x000001e93f46d000 JavaThread "Handler for socket connection from /127.0.0.1:59739 to /127.0.0.1:59746" [_thread_in_native, id=2376, stack(0x000000270e200000,0x000000270e300000)]
  0x000001e93ec74000 JavaThread "Cancel handler" [_thread_blocked, id=5288, stack(0x000000270e300000,0x000000270e400000)]
  0x000001e93ef41800 JavaThread "Daemon worker" [_thread_in_vm, id=5484, stack(0x000000270e400000,0x000000270e500000)]
  0x000001e93ef42000 JavaThread "Asynchronous log dispatcher for DefaultDaemonConnection: socket connection from /127.0.0.1:59739 to /127.0.0.1:59746" [_thread_blocked, id=936, stack(0x000000270e500000,0x000000270e600000)]
  0x000001e93f2de800 JavaThread "Stdin handler" [_thread_blocked, id=6724, stack(0x000000270e600000,0x000000270e700000)]
  0x000001e93f2df000 JavaThread "Thread-8" [_thread_blocked, id=9344, stack(0x000000270e700000,0x000000270e800000)]
  0x000001e93ebf6000 JavaThread "Cache worker for file hash cache (C:\Users\HP\.gradle\caches\6.7.1\fileHashes)" [_thread_blocked, id=5308, stack(0x000000270e900000,0x000000270ea00000)]
  0x000001e93ebf3800 JavaThread "File lock request listener" [_thread_in_native, id=8136, stack(0x000000270ea00000,0x000000270eb00000)]
  0x000001e93ebf4000 JavaThread "Cache worker for journal cache (C:\Users\HP\.gradle\caches\journal-1)" [_thread_blocked, id=8344, stack(0x000000270eb00000,0x000000270ec00000)]
  0x000001e93ebf5000 JavaThread "Cache worker for file hash cache (C:\Users\HP\AndroidStudioProjects\Gradandroidfirsttry\.gradle\6.7.1\fileHashes)" [_thread_blocked, id=7528, stack(0x000000270ec00000,0x000000270ed00000)]
  0x000001e93ebf0000 JavaThread "Cache worker for checksums cache (C:\Users\HP\AndroidStudioProjects\Gradandroidfirsttry\.gradle\checksums)" [_thread_blocked, id=4824, stack(0x000000270ed00000,0x000000270ee00000)]
  0x000001e93ebf1000 JavaThread "Cache worker for cache directory md-supplier (C:\Users\HP\.gradle\caches\6.7.1\md-supplier)" [_thread_blocked, id=8952, stack(0x000000270ee00000,0x000000270ef00000)]
  0x000001e93ebf2000 JavaThread "Cache worker for cache directory md-rule (C:\Users\HP\.gradle\caches\6.7.1\md-rule)" [_thread_blocked, id=10548, stack(0x000000270ef00000,0x000000270f000000)]
  0x000001e93ebf6800 JavaThread "Cache worker for execution history cache (C:\Users\HP\.gradle\caches\6.7.1\executionHistory)" [_thread_blocked, id=9772, stack(0x000000270f000000,0x000000270f100000)]
  0x000001e93ebf2800 JavaThread "jar transforms" [_thread_blocked, id=9132, stack(0x000000270f100000,0x000000270f200000)]
  0x000001e93f7b8000 JavaThread "Cache worker for file content cache (C:\Users\HP\.gradle\caches\6.7.1\fileContent)" [_thread_blocked, id=10296, stack(0x000000270f200000,0x000000270f300000)]

Other Threads:
  0x000001e93d327000 VMThread "VM Thread" [stack: 0x000000270d000000,0x000000270d100000] [id=1632]
  0x000001e93de08000 WatcherThread [stack: 0x000000270da00000,0x000000270db00000] [id=1256]
  0x000001e9238e3000 GCTaskThread "GC Thread#0" [stack: 0x000000270cb00000,0x000000270cc00000] [id=10028]
  0x000001e93e442000 GCTaskThread "GC Thread#1" [stack: 0x000000270db00000,0x000000270dc00000] [id=9872]
  0x000001e93debf800 GCTaskThread "GC Thread#2" [stack: 0x000000270dc00000,0x000000270dd00000] [id=4512]
  0x000001e93f5d4000 GCTaskThread "GC Thread#3" [stack: 0x000000270e800000,0x000000270e900000] [id=6104]
  0x000001e923915800 ConcurrentGCThread "G1 Main Marker" [stack: 0x000000270cc00000,0x000000270cd00000] [id=1968]
  0x000001e923919000 ConcurrentGCThread "G1 Conc#0" [stack: 0x000000270cd00000,0x000000270ce00000] [id=11604]
  0x000001e9239a6800 ConcurrentGCThread "G1 Refine#0" [stack: 0x000000270ce00000,0x000000270cf00000] [id=1696]
  0x000001e9239a7800 ConcurrentGCThread "G1 Young RemSet Sampling" [stack: 0x000000270cf00000,0x000000270d000000] [id=12092]

Threads with active compile tasks:
C2 CompilerThread0  87479 2980       4       sun.net.util.URLUtil::urlNoFragString (114 bytes)

VM state:not at safepoint (normal execution)

VM Mutex/Monitor currently owned by a thread: None

Heap address: 0x0000000080000000, size: 2048 MB, Compressed Oops mode: 32-bit
Narrow klass base: 0x0000000000000000, Narrow klass shift: 3
Compressed class space size: 1073741824 Address: 0x0000000100000000

Heap:
 garbage-first heap   total 131072K, used 48340K [0x0000000080000000, 0x0000000100000000)
  region size 1024K, 31 young (31744K), 6 survivors (6144K)
 Metaspace       used 37959K, capacity 38704K, committed 39040K, reserved 1083392K
  class space    used 4876K, capacity 5167K, committed 5248K, reserved 1048576K
Heap Regions: E=young(eden), S=young(survivor), O=old, HS=humongous(starts), HC=humongous(continues), CS=collection set, F=free, A=archive, TAMS=top-at-mark-start (previous, next)
|   0|0x0000000080000000, 0x0000000080100000, 0x0000000080100000|100%| O|  |TAMS 0x0000000080100000, 0x0000000080000000| Untracked 
|   1|0x0000000080100000, 0x0000000080200000, 0x0000000080200000|100%| O|  |TAMS 0x0000000080200000, 0x0000000080100000| Untracked 
|   2|0x0000000080200000, 0x0000000080300000, 0x0000000080300000|100%| O|  |TAMS 0x0000000080300000, 0x0000000080200000| Untracked 
|   3|0x0000000080300000, 0x0000000080400000, 0x0000000080400000|100%|HS|  |TAMS 0x0000000080400000, 0x0000000080300000| Complete 
|   4|0x0000000080400000, 0x0000000080500000, 0x0000000080500000|100%|HC|  |TAMS 0x0000000080500000, 0x0000000080400000| Complete 
|   5|0x0000000080500000, 0x0000000080600000, 0x0000000080600000|100%|HC|  |TAMS 0x0000000080600000, 0x0000000080500000| Complete 
|   6|0x0000000080600000, 0x0000000080700000, 0x0000000080700000|100%| O|  |TAMS 0x0000000080700000, 0x0000000080600000| Untracked 
|   7|0x0000000080700000, 0x0000000080800000, 0x0000000080800000|100%| O|  |TAMS 0x0000000080800000, 0x0000000080700000| Untracked 
|   8|0x0000000080800000, 0x0000000080900000, 0x0000000080900000|100%| O|  |TAMS 0x0000000080900000, 0x0000000080800000| Untracked 
|   9|0x0000000080900000, 0x0000000080a00000, 0x0000000080a00000|100%| O|  |TAMS 0x0000000080a00000, 0x0000000080900000| Untracked 
|  10|0x0000000080a00000, 0x0000000080b00000, 0x0000000080b00000|100%| O|  |TAMS 0x0000000080b00000, 0x0000000080a00000| Untracked 
|  11|0x0000000080b00000, 0x0000000080c00000, 0x0000000080c00000|100%| O|  |TAMS 0x0000000080c00000, 0x0000000080b00000| Untracked 
|  12|0x0000000080c00000, 0x0000000080d00000, 0x0000000080d00000|100%| O|  |TAMS 0x0000000080d00000, 0x0000000080c00000| Untracked 
|  13|0x0000000080d00000, 0x0000000080e00000, 0x0000000080e00000|100%| O|  |TAMS 0x0000000080e00000, 0x0000000080d00000| Untracked 
|  14|0x0000000080e00000, 0x0000000080f00000, 0x0000000080f00000|100%| O|  |TAMS 0x0000000080f00000, 0x0000000080e00000| Untracked 
|  15|0x0000000080f00000, 0x0000000080f4d000, 0x0000000081000000| 30%| O|  |TAMS 0x0000000080f4d000, 0x0000000080f00000| Untracked 
|  16|0x0000000081000000, 0x0000000081100000, 0x0000000081100000|100%|HS|  |TAMS 0x0000000081000000, 0x0000000081000000| Complete 
|  17|0x0000000081100000, 0x0000000081200000, 0x0000000081200000|100%|HS|  |TAMS 0x0000000081100000, 0x0000000081100000| Complete 
|  18|0x0000000081200000, 0x0000000081300000, 0x0000000081300000|100%|HC|  |TAMS 0x0000000081200000, 0x0000000081200000| Complete 
|  19|0x0000000081300000, 0x0000000081300000, 0x0000000081400000|  0%| F|  |TAMS 0x0000000081300000, 0x0000000081300000| Untracked 
|  20|0x0000000081400000, 0x0000000081400000, 0x0000000081500000|  0%| F|  |TAMS 0x0000000081400000, 0x0000000081400000| Untracked 
|  21|0x0000000081500000, 0x0000000081500000, 0x0000000081600000|  0%| F|  |TAMS 0x0000000081500000, 0x0000000081500000| Untracked 
|  22|0x0000000081600000, 0x0000000081600000, 0x0000000081700000|  0%| F|  |TAMS 0x0000000081600000, 0x0000000081600000| Untracked 
|  23|0x0000000081700000, 0x0000000081700000, 0x0000000081800000|  0%| F|  |TAMS 0x0000000081700000, 0x0000000081700000| Untracked 
|  24|0x0000000081800000, 0x0000000081800000, 0x0000000081900000|  0%| F|  |TAMS 0x0000000081800000, 0x0000000081800000| Untracked 
|  25|0x0000000081900000, 0x0000000081900000, 0x0000000081a00000|  0%| F|  |TAMS 0x0000000081900000, 0x0000000081900000| Untracked 
|  26|0x0000000081a00000, 0x0000000081a00000, 0x0000000081b00000|  0%| F|  |TAMS 0x0000000081a00000, 0x0000000081a00000| Untracked 
|  27|0x0000000081b00000, 0x0000000081b00000, 0x0000000081c00000|  0%| F|  |TAMS 0x0000000081b00000, 0x0000000081b00000| Untracked 
|  28|0x0000000081c00000, 0x0000000081c00000, 0x0000000081d00000|  0%| F|  |TAMS 0x0000000081c00000, 0x0000000081c00000| Untracked 
|  29|0x0000000081d00000, 0x0000000081d00000, 0x0000000081e00000|  0%| F|  |TAMS 0x0000000081d00000, 0x0000000081d00000| Untracked 
|  30|0x0000000081e00000, 0x0000000081e00000, 0x0000000081f00000|  0%| F|  |TAMS 0x0000000081e00000, 0x0000000081e00000| Untracked 
|  31|0x0000000081f00000, 0x0000000081f00000, 0x0000000082000000|  0%| F|  |TAMS 0x0000000081f00000, 0x0000000081f00000| Untracked 
|  32|0x0000000082000000, 0x0000000082000000, 0x0000000082100000|  0%| F|  |TAMS 0x0000000082000000, 0x0000000082000000| Untracked 
|  33|0x0000000082100000, 0x0000000082100000, 0x0000000082200000|  0%| F|  |TAMS 0x0000000082100000, 0x0000000082100000| Untracked 
|  34|0x0000000082200000, 0x0000000082200000, 0x0000000082300000|  0%| F|  |TAMS 0x0000000082200000, 0x0000000082200000| Untracked 
|  35|0x0000000082300000, 0x0000000082300000, 0x0000000082400000|  0%| F|  |TAMS 0x0000000082300000, 0x0000000082300000| Untracked 
|  36|0x0000000082400000, 0x0000000082400000, 0x0000000082500000|  0%| F|  |TAMS 0x0000000082400000, 0x0000000082400000| Untracked 
|  37|0x0000000082500000, 0x0000000082500000, 0x0000000082600000|  0%| F|  |TAMS 0x0000000082500000, 0x0000000082500000| Untracked 
|  38|0x0000000082600000, 0x0000000082600000, 0x0000000082700000|  0%| F|  |TAMS 0x0000000082600000, 0x0000000082600000| Untracked 
|  39|0x0000000082700000, 0x0000000082700000, 0x0000000082800000|  0%| F|  |TAMS 0x0000000082700000, 0x0000000082700000| Untracked 
|  40|0x0000000082800000, 0x0000000082800000, 0x0000000082900000|  0%| F|  |TAMS 0x0000000082800000, 0x0000000082800000| Untracked 
|  41|0x0000000082900000, 0x0000000082900000, 0x0000000082a00000|  0%| F|  |TAMS 0x0000000082900000, 0x0000000082900000| Untracked 
|  42|0x0000000082a00000, 0x0000000082a00000, 0x0000000082b00000|  0%| F|  |TAMS 0x0000000082a00000, 0x0000000082a00000| Untracked 
|  43|0x0000000082b00000, 0x0000000082b00000, 0x0000000082c00000|  0%| F|  |TAMS 0x0000000082b00000, 0x0000000082b00000| Untracked 
|  44|0x0000000082c00000, 0x0000000082c00000, 0x0000000082d00000|  0%| F|  |TAMS 0x0000000082c00000, 0x0000000082c00000| Untracked 
|  45|0x0000000082d00000, 0x0000000082d00000, 0x0000000082e00000|  0%| F|  |TAMS 0x0000000082d00000, 0x0000000082d00000| Untracked 
|  46|0x0000000082e00000, 0x0000000082e00000, 0x0000000082f00000|  0%| F|  |TAMS 0x0000000082e00000, 0x0000000082e00000| Untracked 
|  47|0x0000000082f00000, 0x0000000082f00000, 0x0000000083000000|  0%| F|  |TAMS 0x0000000082f00000, 0x0000000082f00000| Untracked 
|  48|0x0000000083000000, 0x0000000083000000, 0x0000000083100000|  0%| F|  |TAMS 0x0000000083000000, 0x0000000083000000| Untracked 
|  49|0x0000000083100000, 0x0000000083100000, 0x0000000083200000|  0%| F|  |TAMS 0x0000000083100000, 0x0000000083100000| Untracked 
|  50|0x0000000083200000, 0x0000000083200000, 0x0000000083300000|  0%| F|  |TAMS 0x0000000083200000, 0x0000000083200000| Untracked 
|  51|0x0000000083300000, 0x0000000083300000, 0x0000000083400000|  0%| F|  |TAMS 0x0000000083300000, 0x0000000083300000| Untracked 
|  52|0x0000000083400000, 0x0000000083400000, 0x0000000083500000|  0%| F|  |TAMS 0x0000000083400000, 0x0000000083400000| Untracked 
|  53|0x0000000083500000, 0x0000000083500000, 0x0000000083600000|  0%| F|  |TAMS 0x0000000083500000, 0x0000000083500000| Untracked 
|  54|0x0000000083600000, 0x0000000083600000, 0x0000000083700000|  0%| F|  |TAMS 0x0000000083600000, 0x0000000083600000| Untracked 
|  55|0x0000000083700000, 0x0000000083700000, 0x0000000083800000|  0%| F|  |TAMS 0x0000000083700000, 0x0000000083700000| Untracked 
|  56|0x0000000083800000, 0x0000000083800000, 0x0000000083900000|  0%| F|  |TAMS 0x0000000083800000, 0x0000000083800000| Untracked 
|  57|0x0000000083900000, 0x0000000083900000, 0x0000000083a00000|  0%| F|  |TAMS 0x0000000083900000, 0x0000000083900000| Untracked 
|  58|0x0000000083a00000, 0x0000000083a00000, 0x0000000083b00000|  0%| F|  |TAMS 0x0000000083a00000, 0x0000000083a00000| Untracked 
|  59|0x0000000083b00000, 0x0000000083b00000, 0x0000000083c00000|  0%| F|  |TAMS 0x0000000083b00000, 0x0000000083b00000| Untracked 
|  60|0x0000000083c00000, 0x0000000083c00000, 0x0000000083d00000|  0%| F|  |TAMS 0x0000000083c00000, 0x0000000083c00000| Untracked 
|  61|0x0000000083d00000, 0x0000000083d00000, 0x0000000083e00000|  0%| F|  |TAMS 0x0000000083d00000, 0x0000000083d00000| Untracked 
|  62|0x0000000083e00000, 0x0000000083e00000, 0x0000000083f00000|  0%| F|  |TAMS 0x0000000083e00000, 0x0000000083e00000| Untracked 
|  63|0x0000000083f00000, 0x0000000083f00000, 0x0000000084000000|  0%| F|  |TAMS 0x0000000083f00000, 0x0000000083f00000| Untracked 
|  64|0x0000000084000000, 0x0000000084000000, 0x0000000084100000|  0%| F|  |TAMS 0x0000000084000000, 0x0000000084000000| Untracked 
|  65|0x0000000084100000, 0x0000000084100000, 0x0000000084200000|  0%| F|  |TAMS 0x0000000084100000, 0x0000000084100000| Untracked 
|  66|0x0000000084200000, 0x0000000084200000, 0x0000000084300000|  0%| F|  |TAMS 0x0000000084200000, 0x0000000084200000| Untracked 
|  67|0x0000000084300000, 0x0000000084300000, 0x0000000084400000|  0%| F|  |TAMS 0x0000000084300000, 0x0000000084300000| Untracked 
|  68|0x0000000084400000, 0x0000000084400000, 0x0000000084500000|  0%| F|  |TAMS 0x0000000084400000, 0x0000000084400000| Untracked 
|  69|0x0000000084500000, 0x0000000084500000, 0x0000000084600000|  0%| F|  |TAMS 0x0000000084500000, 0x0000000084500000| Untracked 
|  70|0x0000000084600000, 0x0000000084600000, 0x0000000084700000|  0%| F|  |TAMS 0x0000000084600000, 0x0000000084600000| Untracked 
|  71|0x0000000084700000, 0x0000000084700000, 0x0000000084800000|  0%| F|  |TAMS 0x0000000084700000, 0x0000000084700000| Untracked 
|  72|0x0000000084800000, 0x0000000084800000, 0x0000000084900000|  0%| F|  |TAMS 0x0000000084800000, 0x0000000084800000| Untracked 
|  73|0x0000000084900000, 0x0000000084900000, 0x0000000084a00000|  0%| F|  |TAMS 0x0000000084900000, 0x0000000084900000| Untracked 
|  74|0x0000000084a00000, 0x0000000084a00000, 0x0000000084b00000|  0%| F|  |TAMS 0x0000000084a00000, 0x0000000084a00000| Untracked 
|  75|0x0000000084b00000, 0x0000000084b00000, 0x0000000084c00000|  0%| F|  |TAMS 0x0000000084b00000, 0x0000000084b00000| Untracked 
|  76|0x0000000084c00000, 0x0000000084c00000, 0x0000000084d00000|  0%| F|  |TAMS 0x0000000084c00000, 0x0000000084c00000| Untracked 
|  77|0x0000000084d00000, 0x0000000084de8380, 0x0000000084e00000| 90%| S|CS|TAMS 0x0000000084d00000, 0x0000000084d00000| Complete 
|  78|0x0000000084e00000, 0x0000000084f00000, 0x0000000084f00000|100%| S|CS|TAMS 0x0000000084e00000, 0x0000000084e00000| Complete 
|  79|0x0000000084f00000, 0x0000000085000000, 0x0000000085000000|100%| S|CS|TAMS 0x0000000084f00000, 0x0000000084f00000| Complete 
|  80|0x0000000085000000, 0x0000000085100000, 0x0000000085100000|100%| S|CS|TAMS 0x0000000085000000, 0x0000000085000000| Complete 
|  81|0x0000000085100000, 0x0000000085200000, 0x0000000085200000|100%| S|CS|TAMS 0x0000000085100000, 0x0000000085100000| Complete 
|  82|0x0000000085200000, 0x0000000085300000, 0x0000000085300000|100%| S|CS|TAMS 0x0000000085200000, 0x0000000085200000| Complete 
|  83|0x0000000085300000, 0x0000000085300000, 0x0000000085400000|  0%| F|  |TAMS 0x0000000085300000, 0x0000000085300000| Untracked 
|  84|0x0000000085400000, 0x0000000085400000, 0x0000000085500000|  0%| F|  |TAMS 0x0000000085400000, 0x0000000085400000| Untracked 
|  85|0x0000000085500000, 0x0000000085500000, 0x0000000085600000|  0%| F|  |TAMS 0x0000000085500000, 0x0000000085500000| Untracked 
|  86|0x0000000085600000, 0x0000000085600000, 0x0000000085700000|  0%| F|  |TAMS 0x0000000085600000, 0x0000000085600000| Untracked 
|  87|0x0000000085700000, 0x0000000085700000, 0x0000000085800000|  0%| F|  |TAMS 0x0000000085700000, 0x0000000085700000| Untracked 
|  88|0x0000000085800000, 0x0000000085800000, 0x0000000085900000|  0%| F|  |TAMS 0x0000000085800000, 0x0000000085800000| Untracked 
|  89|0x0000000085900000, 0x0000000085900000, 0x0000000085a00000|  0%| F|  |TAMS 0x0000000085900000, 0x0000000085900000| Untracked 
|  90|0x0000000085a00000, 0x0000000085a00000, 0x0000000085b00000|  0%| F|  |TAMS 0x0000000085a00000, 0x0000000085a00000| Untracked 
|  91|0x0000000085b00000, 0x0000000085b00000, 0x0000000085c00000|  0%| F|  |TAMS 0x0000000085b00000, 0x0000000085b00000| Untracked 
|  92|0x0000000085c00000, 0x0000000085c00000, 0x0000000085d00000|  0%| F|  |TAMS 0x0000000085c00000, 0x0000000085c00000| Untracked 
|  93|0x0000000085d00000, 0x0000000085d00000, 0x0000000085e00000|  0%| F|  |TAMS 0x0000000085d00000, 0x0000000085d00000| Untracked 
|  94|0x0000000085e00000, 0x0000000085e00000, 0x0000000085f00000|  0%| F|  |TAMS 0x0000000085e00000, 0x0000000085e00000| Untracked 
|  95|0x0000000085f00000, 0x0000000085f00000, 0x0000000086000000|  0%| F|  |TAMS 0x0000000085f00000, 0x0000000085f00000| Untracked 
|  96|0x0000000086000000, 0x0000000086000000, 0x0000000086100000|  0%| F|  |TAMS 0x0000000086000000, 0x0000000086000000| Untracked 
|  97|0x0000000086100000, 0x0000000086100000, 0x0000000086200000|  0%| F|  |TAMS 0x0000000086100000, 0x0000000086100000| Untracked 
|  98|0x0000000086200000, 0x0000000086200000, 0x0000000086300000|  0%| F|  |TAMS 0x0000000086200000, 0x0000000086200000| Untracked 
|  99|0x0000000086300000, 0x0000000086300000, 0x0000000086400000|  0%| F|  |TAMS 0x0000000086300000, 0x0000000086300000| Untracked 
| 100|0x0000000086400000, 0x0000000086400000, 0x0000000086500000|  0%| F|  |TAMS 0x0000000086400000, 0x0000000086400000| Untracked 
| 101|0x0000000086500000, 0x0000000086500000, 0x0000000086600000|  0%| F|  |TAMS 0x0000000086500000, 0x0000000086500000| Untracked 
| 102|0x0000000086600000, 0x0000000086600000, 0x0000000086700000|  0%| F|  |TAMS 0x0000000086600000, 0x0000000086600000| Untracked 
| 103|0x0000000086700000, 0x0000000086800000, 0x0000000086800000|100%| E|  |TAMS 0x0000000086700000, 0x0000000086700000| Complete 
| 104|0x0000000086800000, 0x0000000086900000, 0x0000000086900000|100%| E|CS|TAMS 0x0000000086800000, 0x0000000086800000| Complete 
| 105|0x0000000086900000, 0x0000000086a00000, 0x0000000086a00000|100%| E|CS|TAMS 0x0000000086900000, 0x0000000086900000| Complete 
| 106|0x0000000086a00000, 0x0000000086b00000, 0x0000000086b00000|100%| E|CS|TAMS 0x0000000086a00000, 0x0000000086a00000| Complete 
| 107|0x0000000086b00000, 0x0000000086c00000, 0x0000000086c00000|100%| E|CS|TAMS 0x0000000086b00000, 0x0000000086b00000| Complete 
| 108|0x0000000086c00000, 0x0000000086d00000, 0x0000000086d00000|100%| E|CS|TAMS 0x0000000086c00000, 0x0000000086c00000| Complete 
| 109|0x0000000086d00000, 0x0000000086e00000, 0x0000000086e00000|100%| E|CS|TAMS 0x0000000086d00000, 0x0000000086d00000| Complete 
| 110|0x0000000086e00000, 0x0000000086f00000, 0x0000000086f00000|100%| E|CS|TAMS 0x0000000086e00000, 0x0000000086e00000| Complete 
| 111|0x0000000086f00000, 0x0000000087000000, 0x0000000087000000|100%| E|CS|TAMS 0x0000000086f00000, 0x0000000086f00000| Complete 
| 112|0x0000000087000000, 0x0000000087100000, 0x0000000087100000|100%| E|CS|TAMS 0x0000000087000000, 0x0000000087000000| Complete 
| 113|0x0000000087100000, 0x0000000087200000, 0x0000000087200000|100%| E|CS|TAMS 0x0000000087100000, 0x0000000087100000| Complete 
| 114|0x0000000087200000, 0x0000000087300000, 0x0000000087300000|100%| E|CS|TAMS 0x0000000087200000, 0x0000000087200000| Complete 
| 115|0x0000000087300000, 0x0000000087400000, 0x0000000087400000|100%| E|CS|TAMS 0x0000000087300000, 0x0000000087300000| Complete 
| 116|0x0000000087400000, 0x0000000087500000, 0x0000000087500000|100%| E|CS|TAMS 0x0000000087400000, 0x0000000087400000| Complete 
| 117|0x0000000087500000, 0x0000000087600000, 0x0000000087600000|100%| E|CS|TAMS 0x0000000087500000, 0x0000000087500000| Complete 
| 118|0x0000000087600000, 0x0000000087700000, 0x0000000087700000|100%| E|CS|TAMS 0x0000000087600000, 0x0000000087600000| Complete 
| 119|0x0000000087700000, 0x0000000087800000, 0x0000000087800000|100%| E|CS|TAMS 0x0000000087700000, 0x0000000087700000| Complete 
| 120|0x0000000087800000, 0x0000000087900000, 0x0000000087900000|100%| E|  |TAMS 0x0000000087800000, 0x0000000087800000| Complete 
| 121|0x0000000087900000, 0x0000000087a00000, 0x0000000087a00000|100%| E|CS|TAMS 0x0000000087900000, 0x0000000087900000| Complete 
| 122|0x0000000087a00000, 0x0000000087b00000, 0x0000000087b00000|100%| E|CS|TAMS 0x0000000087a00000, 0x0000000087a00000| Complete 
| 123|0x0000000087b00000, 0x0000000087c00000, 0x0000000087c00000|100%| E|CS|TAMS 0x0000000087b00000, 0x0000000087b00000| Complete 
| 124|0x0000000087c00000, 0x0000000087d00000, 0x0000000087d00000|100%| E|CS|TAMS 0x0000000087c00000, 0x0000000087c00000| Complete 
| 125|0x0000000087d00000, 0x0000000087e00000, 0x0000000087e00000|100%| E|CS|TAMS 0x0000000087d00000, 0x0000000087d00000| Complete 
| 126|0x0000000087e00000, 0x0000000087f00000, 0x0000000087f00000|100%| E|CS|TAMS 0x0000000087e00000, 0x0000000087e00000| Complete 
| 127|0x0000000087f00000, 0x0000000088000000, 0x0000000088000000|100%| E|CS|TAMS 0x0000000087f00000, 0x0000000087f00000| Complete 

Card table byte_map: [0x000001e936650000,0x000001e936a50000] _byte_map_base: 0x000001e936250000

Marking Bits (Prev, Next): (CMBitMap*) 0x000001e92390c7e8, (CMBitMap*) 0x000001e92390c820
 Prev Bits: [0x000001e936e50000, 0x000001e938e50000)
 Next Bits: [0x000001e938e50000, 0x000001e93ae50000)

Polling page: 0x000001e9230b0000

Metaspace:

Usage:
  Non-class:     32.75 MB capacity,    32.31 MB ( 99%) used,   378.36 KB (  1%) free+waste,    70.88 KB ( <1%) overhead. 
      Class:      5.05 MB capacity,     4.76 MB ( 94%) used,   255.84 KB (  5%) free+waste,    33.94 KB ( <1%) overhead. 
       Both:     37.80 MB capacity,    37.08 MB ( 98%) used,   634.20 KB (  2%) free+waste,   104.81 KB ( <1%) overhead. 

Virtual space:
  Non-class space:       34.00 MB reserved,      33.00 MB ( 97%) committed 
      Class space:        1.00 GB reserved,       5.13 MB ( <1%) committed 
             Both:        1.03 GB reserved,      38.13 MB (  4%) committed 

Chunk freelists:
   Non-Class:  63.00 KB
       Class:  17.00 KB
        Both:  80.00 KB

MaxMetaspaceSize: 17179869184.00 GB
CompressedClassSpaceSize: 1.00 GB

CodeHeap 'non-profiled nmethods': size=120064Kb used=1363Kb max_used=1363Kb free=118700Kb
 bounds [0x000001e92ed10000, 0x000001e92ef80000, 0x000001e936250000]
CodeHeap 'profiled nmethods': size=120000Kb used=5937Kb max_used=5937Kb free=114062Kb
 bounds [0x000001e9277e0000, 0x000001e927db0000, 0x000001e92ed10000]
CodeHeap 'non-nmethods': size=5696Kb used=2179Kb max_used=2207Kb free=3516Kb
 bounds [0x000001e927250000, 0x000001e9274c0000, 0x000001e9277e0000]
 total_blobs=3511 nmethods=2776 adapters=646
 compilation: enabled
              stopped_count=0, restarted_count=0
 full_count=0

Compilation events (20 events):
Event: 87.021 Thread 0x000001e93d34d000 2990       3       jdk.internal.loader.AbstractClassLoaderValue::<init> (5 bytes)
Event: 87.021 Thread 0x000001e93d34d000 nmethod 2990 0x000001e927da1410 code [0x000001e927da15c0, 0x000001e927da1718]
Event: 87.021 Thread 0x000001e93d34d000 2991       3       jdk.internal.loader.AbstractClassLoaderValue::sub (10 bytes)
Event: 87.021 Thread 0x000001e93d34d000 nmethod 2991 0x000001e927da1810 code [0x000001e927da19e0, 0x000001e927da1d18]
Event: 87.021 Thread 0x000001e93d34d000 2992       3       org.gradle.internal.instantiation.generator.AbstractClassGenerator$MethodMetadata::shouldImplement (16 bytes)
Event: 87.021 Thread 0x000001e93d34d000 nmethod 2992 0x000001e927da1e90 code [0x000001e927da2040, 0x000001e927da2278]
Event: 87.021 Thread 0x000001e93d34d000 2993       3       org.gradle.internal.instantiation.generator.AbstractClassGenerator::isPropertyType (33 bytes)
Event: 87.022 Thread 0x000001e93d34d000 nmethod 2993 0x000001e927da2390 code [0x000001e927da2580, 0x000001e927da27e8]
Event: 87.023 Thread 0x000001e93d34d000 2994       3       java.lang.reflect.ProxyGenerator::getFieldType (65 bytes)
Event: 87.025 Thread 0x000001e93d34d000 nmethod 2994 0x000001e927da2910 code [0x000001e927da2c00, 0x000001e927da39b8]
Event: 87.025 Thread 0x000001e93d34d000 2995       3       java.lang.reflect.ProxyGenerator::addProxyMethod (233 bytes)
Event: 87.027 Thread 0x000001e93d34d000 nmethod 2995 0x000001e927da3e90 code [0x000001e927da4260, 0x000001e927da5da8]
Event: 87.027 Thread 0x000001e93d34d000 2996       3       sun.reflect.annotation.AnnotationInvocationHandler::invoke (178 bytes)
Event: 87.029 Thread 0x000001e93d34d000 nmethod 2996 0x000001e927da6690 code [0x000001e927da69a0, 0x000001e927da7a08]
Event: 87.029 Thread 0x000001e93d34d000 2998       3       com.google.common.collect.AbstractMapBasedMultimap$WrappedCollection::refreshIfEmpty (78 bytes)
Event: 87.030 Thread 0x000001e93d34d000 nmethod 2998 0x000001e927da7f90 code [0x000001e927da81a0, 0x000001e927da88b8]
Event: 87.030 Thread 0x000001e93d34d000 2999       3       com.google.common.collect.CompactHashMap::getHash (6 bytes)
Event: 87.030 Thread 0x000001e93d34d000 nmethod 2999 0x000001e927da8a90 code [0x000001e927da8c40, 0x000001e927da8d38]
Event: 87.031 Thread 0x000001e93d34d000 3000       3       com.google.common.collect.ImmutableCollection::<init> (5 bytes)
Event: 87.032 Thread 0x000001e93d34d000 nmethod 3000 0x000001e927da8e10 code [0x000001e927da8fc0, 0x000001e927da9178]

GC Heap History (14 events):
Event: 16.350 GC heap before
{Heap before GC invocations=0 (full 0):
 garbage-first heap   total 131072K, used 19456K [0x0000000080000000, 0x0000000100000000)
  region size 1024K, 14 young (14336K), 0 survivors (0K)
 Metaspace       used 7463K, capacity 7663K, committed 7936K, reserved 1056768K
  class space    used 687K, capacity 748K, committed 768K, reserved 1048576K
}
Event: 16.366 GC heap after
{Heap after GC invocations=1 (full 0):
 garbage-first heap   total 131072K, used 8270K [0x0000000080000000, 0x0000000100000000)
  region size 1024K, 2 young (2048K), 2 survivors (2048K)
 Metaspace       used 7463K, capacity 7663K, committed 7936K, reserved 1056768K
  class space    used 687K, capacity 748K, committed 768K, reserved 1048576K
}
Event: 22.936 GC heap before
{Heap before GC invocations=1 (full 0):
 garbage-first heap   total 131072K, used 18510K [0x0000000080000000, 0x0000000100000000)
  region size 1024K, 12 young (12288K), 2 survivors (2048K)
 Metaspace       used 10293K, capacity 10561K, committed 10752K, reserved 1058816K
  class space    used 1085K, capacity 1163K, committed 1280K, reserved 1048576K
}
Event: 22.939 GC heap after
{Heap after GC invocations=2 (full 0):
 garbage-first heap   total 131072K, used 8948K [0x0000000080000000, 0x0000000100000000)
  region size 1024K, 1 young (1024K), 1 survivors (1024K)
 Metaspace       used 10293K, capacity 10561K, committed 10752K, reserved 1058816K
  class space    used 1085K, capacity 1163K, committed 1280K, reserved 1048576K
}
Event: 42.252 GC heap before
{Heap before GC invocations=2 (full 0):
 garbage-first heap   total 131072K, used 35572K [0x0000000080000000, 0x0000000100000000)
  region size 1024K, 28 young (28672K), 1 survivors (1024K)
 Metaspace       used 10629K, capacity 10885K, committed 11008K, reserved 1058816K
  class space    used 1101K, capacity 1164K, committed 1280K, reserved 1048576K
}
Event: 42.257 GC heap after
{Heap after GC invocations=3 (full 0):
 garbage-first heap   total 131072K, used 12986K [0x0000000080000000, 0x0000000100000000)
  region size 1024K, 4 young (4096K), 4 survivors (4096K)
 Metaspace       used 10629K, capacity 10885K, committed 11008K, reserved 1058816K
  class space    used 1101K, capacity 1164K, committed 1280K, reserved 1048576K
}
Event: 64.478 GC heap before
{Heap before GC invocations=3 (full 0):
 garbage-first heap   total 131072K, used 52922K [0x0000000080000000, 0x0000000100000000)
  region size 1024K, 43 young (44032K), 4 survivors (4096K)
 Metaspace       used 18232K, capacity 18614K, committed 18816K, reserved 1064960K
  class space    used 2178K, capacity 2326K, committed 2432K, reserved 1048576K
}
Event: 64.496 GC heap after
{Heap after GC invocations=4 (full 0):
 garbage-first heap   total 131072K, used 16006K [0x0000000080000000, 0x0000000100000000)
  region size 1024K, 4 young (4096K), 4 survivors (4096K)
 Metaspace       used 18232K, capacity 18614K, committed 18816K, reserved 1064960K
  class space    used 2178K, capacity 2326K, committed 2432K, reserved 1048576K
}
Event: 69.299 GC heap before
{Heap before GC invocations=4 (full 0):
 garbage-first heap   total 131072K, used 32390K [0x0000000080000000, 0x0000000100000000)
  region size 1024K, 21 young (21504K), 4 survivors (4096K)
 Metaspace       used 20636K, capacity 21094K, committed 21248K, reserved 1067008K
  class space    used 2520K, capacity 2710K, committed 2816K, reserved 1048576K
}
Event: 69.307 GC heap after
{Heap after GC invocations=5 (full 0):
 garbage-first heap   total 131072K, used 16538K [0x0000000080000000, 0x0000000100000000)
  region size 1024K, 4 young (4096K), 4 survivors (4096K)
 Metaspace       used 20636K, capacity 21094K, committed 21248K, reserved 1067008K
  class space    used 2520K, capacity 2710K, committed 2816K, reserved 1048576K
}
Event: 77.425 GC heap before
{Heap before GC invocations=6 (full 0):
 garbage-first heap   total 131072K, used 69786K [0x0000000080000000, 0x0000000100000000)
  region size 1024K, 56 young (57344K), 4 survivors (4096K)
 Metaspace       used 26552K, capacity 27124K, committed 27264K, reserved 1073152K
  class space    used 3475K, capacity 3701K, committed 3712K, reserved 1048576K
}
Event: 77.435 GC heap after
{Heap after GC invocations=7 (full 0):
 garbage-first heap   total 131072K, used 18466K [0x0000000080000000, 0x0000000100000000)
  region size 1024K, 6 young (6144K), 6 survivors (6144K)
 Metaspace       used 26552K, capacity 27124K, committed 27264K, reserved 1073152K
  class space    used 3475K, capacity 3701K, committed 3712K, reserved 1048576K
}
Event: 85.700 GC heap before
{Heap before GC invocations=7 (full 0):
 garbage-first heap   total 131072K, used 62498K [0x0000000080000000, 0x0000000100000000)
  region size 1024K, 51 young (52224K), 6 survivors (6144K)
 Metaspace       used 35104K, capacity 35787K, committed 35840K, reserved 1081344K
  class space    used 4557K, capacity 4822K, committed 4864K, reserved 1048576K
}
Event: 85.725 GC heap after
{Heap after GC invocations=8 (full 0):
 garbage-first heap   total 131072K, used 21716K [0x0000000080000000, 0x0000000100000000)
  region size 1024K, 6 young (6144K), 6 survivors (6144K)
 Metaspace       used 35104K, capacity 35787K, committed 35840K, reserved 1081344K
  class space    used 4557K, capacity 4822K, committed 4864K, reserved 1048576K
}

Deoptimization events (20 events):
Event: 85.973 Thread 0x000001e93ef41800 Uncommon trap: trap_request=0xffffffbe fr.pc=0x000001e92ee53830 relative=0x0000000000000850
Event: 85.973 Thread 0x000001e93ef41800 Uncommon trap: reason=profile_predicate action=maybe_recompile pc=0x000001e92ee53830 method=java.lang.PublicMethods$MethodList.filter([Ljava/lang/reflect/Method;Ljava/lang/String;[Ljava/lang/Class;Z)Ljava/lang/PublicMethods$MethodList; @ 21 c2
Event: 85.973 Thread 0x000001e93ef41800 DEOPT PACKING pc=0x000001e92ee53830 sp=0x000000270e4f9060
Event: 85.973 Thread 0x000001e93ef41800 DEOPT UNPACKING pc=0x000001e9272774af sp=0x000000270e4f9018 mode 2
Event: 85.974 Thread 0x000001e93ef41800 Uncommon trap: trap_request=0xffffffbe fr.pc=0x000001e92ee53830 relative=0x0000000000000850
Event: 85.974 Thread 0x000001e93ef41800 Uncommon trap: reason=profile_predicate action=maybe_recompile pc=0x000001e92ee53830 method=java.lang.PublicMethods$MethodList.filter([Ljava/lang/reflect/Method;Ljava/lang/String;[Ljava/lang/Class;Z)Ljava/lang/PublicMethods$MethodList; @ 21 c2
Event: 85.974 Thread 0x000001e93ef41800 DEOPT PACKING pc=0x000001e92ee53830 sp=0x000000270e4f9040
Event: 85.974 Thread 0x000001e93ef41800 DEOPT UNPACKING pc=0x000001e9272774af sp=0x000000270e4f8ff8 mode 2
Event: 86.428 Thread 0x000001e93ef41800 Uncommon trap: trap_request=0xffffff4d fr.pc=0x000001e92ee40930 relative=0x0000000000000110
Event: 86.428 Thread 0x000001e93ef41800 Uncommon trap: reason=unstable_if action=reinterpret pc=0x000001e92ee40930 method=java.util.Arrays.hashCode([Ljava/lang/Object;)I @ 34 c2
Event: 86.428 Thread 0x000001e93ef41800 DEOPT PACKING pc=0x000001e92ee40930 sp=0x000000270e4f93e0
Event: 86.428 Thread 0x000001e93ef41800 DEOPT UNPACKING pc=0x000001e9272774af sp=0x000000270e4f9358 mode 2
Event: 86.428 Thread 0x000001e93ef41800 Uncommon trap: trap_request=0xffffffde fr.pc=0x000001e92edcd860 relative=0x0000000000000320
Event: 86.428 Thread 0x000001e93ef41800 Uncommon trap: reason=class_check action=maybe_recompile pc=0x000001e92edcd860 method=java.util.Collections$SetFromMap.remove(Ljava/lang/Object;)Z @ 5 c2
Event: 86.428 Thread 0x000001e93ef41800 DEOPT PACKING pc=0x000001e92edcd860 sp=0x000000270e4fa9c0
Event: 86.428 Thread 0x000001e93ef41800 DEOPT UNPACKING pc=0x000001e9272774af sp=0x000000270e4fa9a8 mode 2
Event: 86.428 Thread 0x000001e93ef41800 Uncommon trap: trap_request=0xffffffde fr.pc=0x000001e92edcd860 relative=0x0000000000000320
Event: 86.428 Thread 0x000001e93ef41800 Uncommon trap: reason=class_check action=maybe_recompile pc=0x000001e92edcd860 method=java.util.Collections$SetFromMap.remove(Ljava/lang/Object;)Z @ 5 c2
Event: 86.428 Thread 0x000001e93ef41800 DEOPT PACKING pc=0x000001e92edcd860 sp=0x000000270e4fa950
Event: 86.428 Thread 0x000001e93ef41800 DEOPT UNPACKING pc=0x000001e9272774af sp=0x000000270e4fa938 mode 2

Classes redefined (0 events):
No events

Internal exceptions (20 events):
Event: 85.828 Thread 0x000001e93ef41800 Exception <a 'java/lang/ClassNotFoundException'{0x0000000087da9858}: org/gradle/groovy/scripts/DefaultScriptBeanInfo> (0x0000000087da9858) thrown at [./src/hotspot/share/classfile/systemDictionary.cpp, line 231]
Event: 85.828 Thread 0x000001e93ef41800 Exception <a 'java/lang/ClassNotFoundException'{0x0000000087db94b0}: org/gradle/groovy/scripts/BasicScriptBeanInfo> (0x0000000087db94b0) thrown at [./src/hotspot/share/classfile/systemDictionary.cpp, line 231]
Event: 85.829 Thread 0x000001e93ef41800 Exception <a 'java/lang/ClassNotFoundException'{0x0000000087dc9130}: org/gradle/groovy/scripts/ScriptBeanInfo> (0x0000000087dc9130) thrown at [./src/hotspot/share/classfile/systemDictionary.cpp, line 231]
Event: 85.829 Thread 0x000001e93ef41800 Exception <a 'java/lang/ClassNotFoundException'{0x0000000087dd7c10}: groovy/lang/ScriptBeanInfo> (0x0000000087dd7c10) thrown at [./src/hotspot/share/classfile/systemDictionary.cpp, line 231]
Event: 85.830 Thread 0x000001e93ef41800 Exception <a 'java/lang/ClassNotFoundException'{0x0000000087de6fc8}: groovy/lang/ScriptCustomizer> (0x0000000087de6fc8) thrown at [./src/hotspot/share/classfile/systemDictionary.cpp, line 231]
Event: 85.831 Thread 0x000001e93ef41800 Exception <a 'java/lang/ClassNotFoundException'{0x0000000087dfe9b8}: org/gradle/groovy/scripts/ScriptCustomizer> (0x0000000087dfe9b8) thrown at [./src/hotspot/share/classfile/systemDictionary.cpp, line 231]
Event: 85.833 Thread 0x000001e93ef41800 Exception <a 'java/lang/ClassNotFoundException'{0x0000000087c15548}: org/gradle/groovy/scripts/BasicScriptCustomizer> (0x0000000087c15548) thrown at [./src/hotspot/share/classfile/systemDictionary.cpp, line 231]
Event: 85.836 Thread 0x000001e93ef41800 Exception <a 'java/lang/ClassNotFoundException'{0x0000000087c31778}: org/gradle/groovy/scripts/DefaultScriptCustomizer> (0x0000000087c31778) thrown at [./src/hotspot/share/classfile/systemDictionary.cpp, line 231]
Event: 85.842 Thread 0x000001e93ef41800 Exception <a 'java/lang/ClassNotFoundException'{0x0000000087c78ff8}: org/gradle/plugin/use/internal/PluginsAwareScriptCustomizer> (0x0000000087c78ff8) thrown at [./src/hotspot/share/classfile/systemDictionary.cpp, line 231]
Event: 85.843 Thread 0x000001e93ef41800 Exception <a 'java/lang/ClassNotFoundException'{0x0000000087c91598}: org/gradle/initialization/SettingsScriptCustomizer> (0x0000000087c91598) thrown at [./src/hotspot/share/classfile/systemDictionary.cpp, line 231]
Event: 85.860 Thread 0x000001e93ef41800 Exception <a 'java/lang/ClassNotFoundException'{0x0000000087ca20c8}: settings_exlwy6q6bnotags9ogsxikr6iCustomizer> (0x0000000087ca20c8) thrown at [./src/hotspot/share/classfile/systemDictionary.cpp, line 231]
Event: 85.990 Thread 0x000001e93ef41800 Exception <a 'java/lang/ClassNotFoundException'{0x0000000087a3bf78}: org/gradle/initialization/DefaultSettings_DecoratedBeanInfo> (0x0000000087a3bf78) thrown at [./src/hotspot/share/classfile/systemDictionary.cpp, line 231]
Event: 85.992 Thread 0x000001e93ef41800 Exception <a 'java/lang/ClassNotFoundException'{0x0000000087a58398}: org/gradle/initialization/DefaultSettingsBeanInfo> (0x0000000087a58398) thrown at [./src/hotspot/share/classfile/systemDictionary.cpp, line 231]
Event: 85.993 Thread 0x000001e93ef41800 Exception <a 'java/lang/ClassNotFoundException'{0x0000000087a77800}: org/gradle/api/internal/project/AbstractPluginAwareBeanInfo> (0x0000000087a77800) thrown at [./src/hotspot/share/classfile/systemDictionary.cpp, line 231]
Event: 85.994 Thread 0x000001e93ef41800 Exception <a 'java/lang/ClassNotFoundException'{0x0000000087a96fd8}: org/gradle/api/internal/project/AbstractPluginAwareCustomizer> (0x0000000087a96fd8) thrown at [./src/hotspot/share/classfile/systemDictionary.cpp, line 231]
Event: 85.995 Thread 0x000001e93ef41800 Exception <a 'java/lang/ClassNotFoundException'{0x0000000087ababc0}: org/gradle/initialization/DefaultSettingsCustomizer> (0x0000000087ababc0) thrown at [./src/hotspot/share/classfile/systemDictionary.cpp, line 231]
Event: 86.046 Thread 0x000001e93ef41800 Exception <a 'java/lang/ClassNotFoundException'{0x00000000879035f8}: org/gradle/initialization/DefaultSettings_DecoratedCustomizer> (0x00000000879035f8) thrown at [./src/hotspot/share/classfile/systemDictionary.cpp, line 231]
Event: 86.072 Thread 0x000001e93ef41800 Exception <a 'java/lang/ClassNotFoundException'{0x00000000879c58d0}: org/gradle/initialization/DefaultProjectDescriptorBeanInfo> (0x00000000879c58d0) thrown at [./src/hotspot/share/classfile/systemDictionary.cpp, line 231]
Event: 86.074 Thread 0x000001e93ef41800 Exception <a 'java/lang/ClassNotFoundException'{0x00000000879e4230}: org/gradle/initialization/DefaultProjectDescriptorCustomizer> (0x00000000879e4230) thrown at [./src/hotspot/share/classfile/systemDictionary.cpp, line 231]
Event: 86.428 Thread 0x000001e93ef41800 Implicit null exception at 0x000001e92ee4086c to 0x000001e92ee40914

Events (20 events):
Event: 87.010 loading class org/gradle/api/Task$Namer
Event: 87.010 loading class org/gradle/api/Task$Namer done
Event: 87.013 loading class org/gradle/api/NonNullApi
Event: 87.013 loading class org/gradle/api/NonNullApi done
Event: 87.014 loading class javax/annotation/meta/TypeQualifierDefault
Event: 87.014 loading class javax/annotation/meta/TypeQualifierDefault done
Event: 87.022 loading class javax/annotation/meta/When
Event: 87.022 loading class javax/annotation/meta/When done
Event: 87.023 loading class javax/annotation/meta/TypeQualifier
Event: 87.023 loading class javax/annotation/meta/TypeQualifier done
Event: 87.032 loading class org/gradle/api/internal/tasks/DefaultTaskContainer$6
Event: 87.032 loading class org/gradle/api/internal/tasks/DefaultTaskContainer$6 done
Event: 87.032 loading class org/gradle/api/internal/tasks/DefaultTaskContainer$7
Event: 87.032 loading class org/gradle/api/internal/tasks/DefaultTaskContainer$7 done
Event: 87.033 loading class org/gradle/api/internal/tasks/DefaultTaskContainerFactory$1
Event: 87.033 loading class org/gradle/api/internal/tasks/DefaultTaskContainerFactory$1 done
Event: 87.034 loading class org/gradle/internal/BiAction
Event: 87.034 loading class org/gradle/internal/BiAction done
Event: 87.034 loading class groovy/lang/ExpandoMetaClassCreationHandle
Event: 87.034 loading class groovy/lang/ExpandoMetaClassCreationHandle done


Dynamic libraries:
0x00007ff62cee0000 - 0x00007ff62ceea000 	C:\Program Files\Android\Android Studio\jre\bin\java.exe
0x00007ff92f4b0000 - 0x00007ff92f6a5000 	C:\Windows\SYSTEM32\ntdll.dll
0x00007ff92f0e0000 - 0x00007ff92f19d000 	C:\Windows\System32\KERNEL32.DLL
0x00007ff92cff0000 - 0x00007ff92d2b8000 	C:\Windows\System32\KERNELBASE.dll
0x00007ff92d410000 - 0x00007ff92d510000 	C:\Windows\System32\ucrtbase.dll
0x00007ff91b200000 - 0x00007ff91b219000 	C:\Program Files\Android\Android Studio\jre\bin\jli.dll
0x00007ff922880000 - 0x00007ff922897000 	C:\Program Files\Android\Android Studio\jre\bin\VCRUNTIME140.dll
0x00007ff92da70000 - 0x00007ff92dc10000 	C:\Windows\System32\USER32.dll
0x00007ff92d3e0000 - 0x00007ff92d402000 	C:\Windows\System32\win32u.dll
0x00007ff92d820000 - 0x00007ff92d84a000 	C:\Windows\System32\GDI32.dll
0x00007ff92ceb0000 - 0x00007ff92cfbb000 	C:\Windows\System32\gdi32full.dll
0x00007ff92d340000 - 0x00007ff92d3dd000 	C:\Windows\System32\msvcp_win.dll
0x00007ff915660000 - 0x00007ff9158fa000 	C:\Windows\WinSxS\amd64_microsoft.windows.common-controls_6595b64144ccf1df_6.0.19041.844_none_ca00b6081b84eb1d\COMCTL32.dll
0x00007ff92e880000 - 0x00007ff92e91e000 	C:\Windows\System32\msvcrt.dll
0x00007ff92e100000 - 0x00007ff92e130000 	C:\Windows\System32\IMM32.DLL
0x00007ff90a160000 - 0x00007ff90a1fd000 	C:\Program Files\Android\Android Studio\jre\bin\msvcp140.dll
0x00007ff8eec00000 - 0x00007ff8ef6bc000 	C:\Program Files\Android\Android Studio\jre\bin\server\jvm.dll
0x00007ff92d590000 - 0x00007ff92d63c000 	C:\Windows\System32\ADVAPI32.dll
0x00007ff92f2f0000 - 0x00007ff92f38b000 	C:\Windows\System32\sechost.dll
0x00007ff92eae0000 - 0x00007ff92ec0b000 	C:\Windows\System32\RPCRT4.dll
0x00007ff92f460000 - 0x00007ff92f468000 	C:\Windows\System32\PSAPI.DLL
0x00007ff928100000 - 0x00007ff928109000 	C:\Windows\SYSTEM32\WSOCK32.dll
0x00007ff923e40000 - 0x00007ff923e67000 	C:\Windows\SYSTEM32\WINMM.dll
0x00007ff925a80000 - 0x00007ff925a8a000 	C:\Windows\SYSTEM32\VERSION.dll
0x00007ff92f3f0000 - 0x00007ff92f45b000 	C:\Windows\System32\ws2_32.DLL
0x00007ff92b510000 - 0x00007ff92b522000 	C:\Windows\SYSTEM32\kernel.appcore.dll
0x00007ff9280e0000 - 0x00007ff9280f1000 	C:\Program Files\Android\Android Studio\jre\bin\verify.dll
0x00007ff92aa50000 - 0x00007ff92ac34000 	C:\Windows\SYSTEM32\DBGHELP.DLL
0x00007ff915a10000 - 0x00007ff915a3c000 	C:\Windows\SYSTEM32\dbgcore.DLL
0x00007ff92d2c0000 - 0x00007ff92d340000 	C:\Windows\System32\bcryptPrimitives.dll
0x00007ff918e90000 - 0x00007ff918eb9000 	C:\Program Files\Android\Android Studio\jre\bin\java.dll
0x00007ff9280d0000 - 0x00007ff9280db000 	C:\Program Files\Android\Android Studio\jre\bin\jimage.dll
0x00007ff918e70000 - 0x00007ff918e88000 	C:\Program Files\Android\Android Studio\jre\bin\zip.dll
0x00007ff92e130000 - 0x00007ff92e872000 	C:\Windows\System32\SHELL32.dll
0x00007ff92ad20000 - 0x00007ff92b4b0000 	C:\Windows\SYSTEM32\windows.storage.dll
0x00007ff92dc10000 - 0x00007ff92df65000 	C:\Windows\System32\combase.dll
0x00007ff92c590000 - 0x00007ff92c5bc000 	C:\Windows\SYSTEM32\Wldp.dll
0x00007ff92e050000 - 0x00007ff92e0fe000 	C:\Windows\System32\SHCORE.dll
0x00007ff92f1a0000 - 0x00007ff92f1f5000 	C:\Windows\System32\shlwapi.dll
0x00007ff92cb30000 - 0x00007ff92cb4f000 	C:\Windows\SYSTEM32\profapi.dll
0x00007ff918e50000 - 0x00007ff918e6a000 	C:\Program Files\Android\Android Studio\jre\bin\net.dll
0x00007ff922760000 - 0x00007ff92286b000 	C:\Windows\SYSTEM32\WINHTTP.dll
0x00007ff92c300000 - 0x00007ff92c36a000 	C:\Windows\system32\mswsock.dll
0x00007ff903c70000 - 0x00007ff903c84000 	C:\Program Files\Android\Android Studio\jre\bin\nio.dll
0x00007ff91a0f0000 - 0x00007ff91a116000 	C:\Users\HP\.gradle\native\fdc75f09e3144964f2cf3f50f0aa648679c211496f362492102eb8c894070792\windows-amd64\native-platform.dll
0x00007ff909ed0000 - 0x00007ff90a061000 	C:\Users\HP\.gradle\native\12488b8bf47d2d4c9fbf2f6322a914ad602e24e48041cd04a747c6da556b65c4\windows-amd64\native-platform-file-events.dll
0x00007ff926f60000 - 0x00007ff926f6a000 	C:\Program Files\Android\Android Studio\jre\bin\management.dll
0x00007ff9261d0000 - 0x00007ff9261dc000 	C:\Program Files\Android\Android Studio\jre\bin\management_ext.dll
0x00007ff92c4e0000 - 0x00007ff92c4f8000 	C:\Windows\SYSTEM32\CRYPTSP.dll
0x00007ff92bca0000 - 0x00007ff92bcd4000 	C:\Windows\system32\rsaenh.dll
0x00007ff92cfc0000 - 0x00007ff92cfe7000 	C:\Windows\System32\bcrypt.dll
0x00007ff92caf0000 - 0x00007ff92cb1e000 	C:\Windows\SYSTEM32\USERENV.dll
0x00007ff92c4d0000 - 0x00007ff92c4dc000 	C:\Windows\SYSTEM32\CRYPTBASE.dll
0x00007ff92bff0000 - 0x00007ff92c02b000 	C:\Windows\SYSTEM32\IPHLPAPI.DLL
0x00007ff92d850000 - 0x00007ff92d858000 	C:\Windows\System32\NSI.dll
0x00007ff925800000 - 0x00007ff925817000 	C:\Windows\SYSTEM32\dhcpcsvc6.DLL
0x00007ff925a90000 - 0x00007ff925aad000 	C:\Windows\SYSTEM32\dhcpcsvc.DLL
0x00007ff92c030000 - 0x00007ff92c0fc000 	C:\Windows\SYSTEM32\DNSAPI.dll
0x00007ff925b20000 - 0x00007ff925b2b000 	C:\Windows\SYSTEM32\WINNSI.DLL

dbghelp: loaded successfully - version: 4.0.5 - missing functions: none
symbol engine: initialized successfully - sym options: 0x614 - pdb path: .;C:\Program Files\Android\Android Studio\jre\bin;C:\Windows\SYSTEM32;C:\Windows\WinSxS\amd64_microsoft.windows.common-controls_6595b64144ccf1df_6.0.19041.844_none_ca00b6081b84eb1d;C:\Program Files\Android\Android Studio\jre\bin\server;C:\Users\HP\.gradle\native\fdc75f09e3144964f2cf3f50f0aa648679c211496f362492102eb8c894070792\windows-amd64;C:\Users\HP\.gradle\native\12488b8bf47d2d4c9fbf2f6322a914ad602e24e48041cd04a747c6da556b65c4\windows-amd64

VM Arguments:
jvm_args: --add-opens=java.base/java.util=ALL-UNNAMED --add-opens=java.base/java.lang=ALL-UNNAMED --add-opens=java.base/java.lang.invoke=ALL-UNNAMED --add-opens=java.prefs/java.util.prefs=ALL-UNNAMED -Xmx2048m -Dfile.encoding=UTF-8 -Duser.country=US -Duser.language=en -Duser.variant 
java_command: org.gradle.launcher.daemon.bootstrap.GradleDaemon 6.7.1
java_class_path (initial): C:\Users\HP\.gradle\wrapper\dists\gradle-6.7.1-bin\bwlcbys1h7rz3272sye1xwiv6\gradle-6.7.1\lib\gradle-launcher-6.7.1.jar
Launcher Type: SUN_STANDARD

[Global flags]
     intx CICompilerCount                          = 3                                         {product} {ergonomic}
     uint ConcGCThreads                            = 1                                         {product} {ergonomic}
     uint G1ConcRefinementThreads                  = 4                                         {product} {ergonomic}
   size_t G1HeapRegionSize                         = 1048576                                   {product} {ergonomic}
    uintx GCDrainStackTargetSize                   = 64                                        {product} {ergonomic}
   size_t InitialHeapSize                          = 134217728                                 {product} {ergonomic}
   size_t MarkStackSize                            = 4194304                                   {product} {ergonomic}
   size_t MaxHeapSize                              = 2147483648                                {product} {command line}
   size_t MaxNewSize                               = 1287651328                                {product} {ergonomic}
   size_t MinHeapDeltaBytes                        = 1048576                                   {product} {ergonomic}
    uintx NonNMethodCodeHeapSize                   = 5830732                                {pd product} {ergonomic}
    uintx NonProfiledCodeHeapSize                  = 122913754                              {pd product} {ergonomic}
    uintx ProfiledCodeHeapSize                     = 122913754                              {pd product} {ergonomic}
    uintx ReservedCodeCacheSize                    = 251658240                              {pd product} {ergonomic}
     bool SegmentedCodeCache                       = true                                      {product} {ergonomic}
     bool UseCompressedClassPointers               = true                                 {lp64_product} {ergonomic}
     bool UseCompressedOops                        = true                                 {lp64_product} {ergonomic}
     bool UseG1GC                                  = true                                      {product} {ergonomic}
     bool UseLargePagesIndividualAllocation        = false                                  {pd product} {ergonomic}

Logging:
Log output configuration:
 #0: stdout all=warning uptime,level,tags
 #1: stderr all=off uptime,level,tags

Environment Variables:
PATH=C:\Program Files\Common Files\Oracle\Java\javapath;C:\Windows\system32;C:\Windows;C:\Windows\System32\Wbem;C:\Windows\System32\WindowsPowerShell\v1.0\;C:\Windows\System32\OpenSSH\;C:\Program Files\dotnet\;C:\Program Files\Microsoft SQL Server\130\Tools\Binn\;C:\Program Files\Microsoft SQL Server\Client SDK\ODBC\170\Tools\Binn\;C:\Program Files (x86)\Brackets\command;C:\Program Files (x86)\Microsoft SQL Server\150\Tools\Binn\;C:\Program Files\Microsoft SQL Server\150\Tools\Binn\;C:\Program Files\Microsoft SQL Server\150\DTS\Binn\;C:\Program Files (x86)\Microsoft SQL Server\150\DTS\Binn\;C:\Program Files\Azure Data Studio\bin;C:\Program Files\Java\jdk-15.0.1\bin;C:\Program Files\Dart\dart-sdk\bin;C:\Users\HP\Downloads\Compressed\flutter_windows_1.22.5-stable\flutter;C:\Program Files\Git\cmd;C:\Users\HP\Downloads\Compressed\flutter_windows_2.2.0-stable\flutter;C:\Users\HP\AppData\Local\Microsoft\WindowsApps;C:\Users\HP\.dotnet\tools;C:\Program Files\Azure Data Studio\bin;C:\Users\HP\Downloads\Compressed\flutter_windows_1.22.5-stable\flutter;C:\Program Files\Git;C:\Program Files\Git\cmd;C:\Program Files\Git\bin;C:\Users\HP\Downloads\Compressed\flutter_windows_2.2.0-stable\flutter;
USERNAME=HP
OS=Windows_NT
PROCESSOR_IDENTIFIER=Intel64 Family 6 Model 142 Stepping 9, GenuineIntel



---------------  S Y S T E M  ---------------

OS: Windows 10 , 64 bit Build 19041 (10.0.19041.928)
OS uptime: 1 days 10:39 hours

CPU:total 4 (initial active 4) (2 cores per cpu, 2 threads per core) family 6 model 142 stepping 9, cmov, cx8, fxsr, mmx, sse, sse2, sse3, ssse3, sse4.1, sse4.2, popcnt, avx, avx2, aes, clmul, erms, 3dnowpref, lzcnt, ht, tsc, tscinvbit, bmi1, bmi2, adx, fma

Memory: 4k page, system-wide physical 8108M (303M free)
TotalPageFile size 16783M (AvailPageFile size 2798M)
current process WorkingSet (physical memory assigned to process): 195M, peak: 199M
current process commit charge ("private bytes"): 275M, peak: 279M

vm_info: OpenJDK 64-Bit Server VM (11.0.8+10-b944.6842174) for windows-amd64 JRE (11.0.8+10-b944.6842174), built on Sep 19 2020 01:11:42 by "builder" with MS VC++ 14.0 (VS2015)

END.
