#
# A fatal error has been detected by the Java Runtime Environment:
#
#  EXCEPTION_ACCESS_VIOLATION (0xc0000005) at pc=0x00007ff9ca14ae5f, pid=12936, tid=2264
#
# JRE version: OpenJDK Runtime Environment (11.0.8+10) (build 11.0.8+10-b944.6842174)
# Java VM: OpenJDK 64-Bit Server VM (11.0.8+10-b944.6842174, mixed mode, tiered, compressed oops, g1 gc, windows-amd64)
# Problematic frame:
# V  [jvm.dll+0x60ae5f]
#
# No core dump will be written. Minidumps are not enabled by default on client versions of Windows
#
# If you would like to submit a bug report, please visit:
#   https://bugreport.java.com/bugreport/crash.jsp
#

---------------  S U M M A R Y ------------

Command Line: --add-opens=java.base/java.util=ALL-UNNAMED --add-opens=java.base/java.lang=ALL-UNNAMED --add-opens=java.base/java.lang.invoke=ALL-UNNAMED --add-opens=java.prefs/java.util.prefs=ALL-UNNAMED -Xmx2048m -Dfile.encoding=UTF-8 -Duser.country=US -Duser.language=en -Duser.variant org.gradle.launcher.daemon.bootstrap.GradleDaemon 6.7.1

Host: Intel(R) Core(TM) i7-7500U CPU @ 2.70GHz, 4 cores, 7G,  Windows 10 , 64 bit Build 19041 (10.0.19041.928)
Time: Sat Jun  5 02:57:59 2021 Egypt Standard Time elapsed time: 54 seconds (0d 0h 0m 54s)

---------------  T H R E A D  ---------------

Current thread (0x000001bf67ca8800):  JavaThread "C2 CompilerThread0" daemon [_thread_in_native, id=2264, stack(0x00000057d1a00000,0x00000057d1b00000)]


Current CompileTask:
C2:  54885 6117       4       sun.reflect.generics.parser.SignatureParser::parsePackageNameAndSimpleClassTypeSignature (119 bytes)

Stack: [0x00000057d1a00000,0x00000057d1b00000],  sp=0x00000057d1afb870,  free space=1006k
Native frames: (J=compiled Java code, j=interpreted, Vv=VM code, C=native code)
V  [jvm.dll+0x60ae5f]
V  [jvm.dll+0x60ab4a]
V  [jvm.dll+0x60ae22]
V  [jvm.dll+0x60c574]
V  [jvm.dll+0x60b22d]
V  [jvm.dll+0x502858]
V  [jvm.dll+0x1f8cde]
V  [jvm.dll+0x1f685f]
V  [jvm.dll+0x17f32c]
V  [jvm.dll+0x205047]
V  [jvm.dll+0x203891]
V  [jvm.dll+0x6dad3f]
V  [jvm.dll+0x6d3895]
V  [jvm.dll+0x5dd4a6]
C  [ucrtbase.dll+0x21bb2]
C  [KERNEL32.DLL+0x17034]
C  [ntdll.dll+0x52651]


siginfo: EXCEPTION_ACCESS_VIOLATION (0xc0000005), reading address 0xffffffffffffffff


Register to memory mapping:

RIP=0x00007ff9ca14ae5f jvm.dll
RAX=0x0000000000000fa4 is an unknown value
RBX=0x000001bf6eb68d68 points into unknown readable memory: 00 00 00 00 00 00 00 00
RCX=0x00000057d1afd2f8 is pointing into the stack for thread: 0x000001bf67ca8800
RDX=0x0008000000000000 is an unknown value
RSP=0x00000057d1afb870 is pointing into the stack for thread: 0x000001bf67ca8800
RBP=0x0000000000040000 is an unknown value
RSI=0x0000000000003052 is an unknown value
RDI=0x00000057d1afd2f8 is pointing into the stack for thread: 0x000001bf67ca8800
R8 =0x000001bf6f1eaa30 points into unknown readable memory: 00 00 00 00 00 00 00 00
R9 =0x000001bf6a472c60 points into unknown readable memory: c8 ec 29 ca f9 7f 00 00
R10=0x0000000000000fa5 is an unknown value
R11=0x0000000000007fff is an unknown value
R12=0x000000000000074d is an unknown value
R13=0x0000000000000042 is an unknown value
R14=0x0000000000004000 is an unknown value
R15=0x000000000000074d is an unknown value


Registers:
RAX=0x0000000000000fa4, RBX=0x000001bf6eb68d68, RCX=0x00000057d1afd2f8, RDX=0x0008000000000000
RSP=0x00000057d1afb870, RBP=0x0000000000040000, RSI=0x0000000000003052, RDI=0x00000057d1afd2f8
R8 =0x000001bf6f1eaa30, R9 =0x000001bf6a472c60, R10=0x0000000000000fa5, R11=0x0000000000007fff
R12=0x000000000000074d, R13=0x0000000000000042, R14=0x0000000000004000, R15=0x000000000000074d
RIP=0x00007ff9ca14ae5f, EFLAGS=0x0000000000010202

Top of Stack: (sp=0x00000057d1afb870)
0x00000057d1afb870:   00000057d1afd2f8 000000000000305c
0x00000057d1afb880:   000001bf67c8b378 00007ff9ca229736
0x00000057d1afb890:   00000057d1afd2f8 00007ff9ca14ab4a
0x00000057d1afb8a0:   000001bf6eb68d68 0000000000003052
0x00000057d1afb8b0:   00000057d1afec88 00007ff9ca1d61c6
0x00000057d1afb8c0:   000001bf6d028c10 00007ff9ca14ae22
0x00000057d1afb8d0:   0000000000000000 0000000000000e9a
0x00000057d1afb8e0:   0000000000000003 00000057d1afd2f8
0x00000057d1afb8f0:   000000000000063e 0000000000000000
0x00000057d1afb900:   0000000000000000 000001bf694ec8a8
0x00000057d1afb910:   000001bf6d028c10 00007ff9ca14c574
0x00000057d1afb920:   000001bf6d028c10 00000000000000eb
0x00000057d1afb930:   00000057d1afc970 00000057d1afc970
0x00000057d1afb940:   000000000000063e 00000057d1afc970
0x00000057d1afb950:   000001bf6d028c10 00007ff9ca14b22d
0x00000057d1afb960:   00000000000000eb 000001bf694ecb00 

Instructions: (pc=0x00007ff9ca14ae5f)
0x00007ff9ca14ad5f:   48 89 74 24 60 48 3b 5f 20 49 8b ce 4c 89 6c 24
0x00007ff9ca14ad6f:   28 4c 89 7c 24 20 44 8b fd 44 0f 45 f8 49 8b 06
0x00007ff9ca14ad7f:   ff 10 41 8b 76 18 44 8b e8 39 73 18 75 4b 48 8b
0x00007ff9ca14ad8f:   13 48 8b cb ff 12 41 3b c5 75 3e 33 c0 85 f6 74
0x00007ff9ca14ad9f:   28 4c 8b 43 08 4d 8b 4e 08 0f 1f 84 00 00 00 00
0x00007ff9ca14adaf:   00 48 8d 14 c5 00 00 00 00 4a 8b 0c 02 4a 39 0c
0x00007ff9ca14adbf:   0a 75 16 ff c0 3b c6 72 e8 49 8b 06 48 8b d3 49
0x00007ff9ca14adcf:   8b ce ff 50 60 85 c0 75 27 8b 47 08 41 03 ec ff
0x00007ff9ca14addf:   c8 23 e8 48 8b 47 18 48 8b 1c e8 48 85 db 74 15
0x00007ff9ca14adef:   45 85 ff 75 94 48 3b 5f 20 75 8e 44 8b fd eb 89
0x00007ff9ca14adff:   48 8b c3 eb 20 45 85 ff 44 0f 44 fd 4e 89 34 f8
0x00007ff9ca14ae0f:   ff 47 0c 8b 47 0c 3b 47 10 75 08 48 8b cf e8 5e
0x00007ff9ca14ae1f:   fc ff ff 33 c0 4c 8b 6c 24 28 48 8b 74 24 60 4c
0x00007ff9ca14ae2f:   8b 7c 24 20 48 8b 6c 24 58 48 8b 5c 24 50 4c 8b
0x00007ff9ca14ae3f:   64 24 30 48 83 c4 38 41 5e 5f c3 cc cc cc cc cc
0x00007ff9ca14ae4f:   cc 48 89 5c 24 08 48 89 74 24 10 57 48 83 ec 20
0x00007ff9ca14ae5f:   48 8b 02 48 8b d9 48 8b ca 48 8b fa ff 50 58 8b
0x00007ff9ca14ae6f:   f0 85 c0 74 54 ff 43 0c 44 8b 43 0c 44 3b 43 10
0x00007ff9ca14ae7f:   75 08 48 8b cb e8 f7 fb ff ff 44 8b 5b 08 4c 8b
0x00007ff9ca14ae8f:   43 18 41 ff cb 41 8b c3 23 c6 44 8b d0 41 83 ca
0x00007ff9ca14ae9f:   01 49 8b 14 c0 48 85 d2 74 1b 4c 8b 4b 20 0f 1f
0x00007ff9ca14aeaf:   00 49 3b d1 74 0f 41 03 c2 41 23 c3 49 8b 14 c0
0x00007ff9ca14aebf:   48 85 d2 75 ec 49 89 3c c0 48 8b 5c 24 30 48 8b
0x00007ff9ca14aecf:   74 24 38 48 83 c4 20 5f c3 cc cc cc cc cc cc cc
0x00007ff9ca14aedf:   cc 48 89 5c 24 08 57 48 83 ec 20 48 8b d9 48 8b
0x00007ff9ca14aeef:   fa 48 81 c1 88 09 00 00 e8 74 fc ff ff 48 8d 8b
0x00007ff9ca14aeff:   d8 09 00 00 48 8b d7 48 8b 5c 24 30 48 83 c4 20
0x00007ff9ca14af0f:   5f e9 ab 27 aa ff cc cc cc cc cc cc cc cc cc cc
0x00007ff9ca14af1f:   cc 48 89 74 24 10 57 48 83 ec 20 8d 42 08 8b fa
0x00007ff9ca14af2f:   48 8b f1 3d 88 00 00 00 77 1a 8d 42 08 4c 63 c0
0x00007ff9ca14af3f:   4a 8b 44 c1 58 48 85 c0 74 0a 4c 8b 40 08 49 83
0x00007ff9ca14af4f:   38 00 75 32 48 89 5c 24 30 48 8b 19 8b cf e8 3e 


Stack slot to memory mapping:
stack at sp + 0 slots: 0x00000057d1afd2f8 is pointing into the stack for thread: 0x000001bf67ca8800
stack at sp + 1 slots: 0x000000000000305c is an unknown value
stack at sp + 2 slots: 0x000001bf67c8b378 points into unknown readable memory: 00 88 ca 67 bf 01 00 00
stack at sp + 3 slots: 0x00007ff9ca229736 jvm.dll
stack at sp + 4 slots: 0x00000057d1afd2f8 is pointing into the stack for thread: 0x000001bf67ca8800
stack at sp + 5 slots: 0x00007ff9ca14ab4a jvm.dll
stack at sp + 6 slots: 0x000001bf6eb68d68 points into unknown readable memory: 00 00 00 00 00 00 00 00
stack at sp + 7 slots: 0x0000000000003052 is an unknown value


---------------  P R O C E S S  ---------------

Threads class SMR info:
_java_thread_list=0x000001bf6cb5d350, length=132, elements={
0x000001bf4e22e800, 0x000001bf67c8d000, 0x000001bf67c95800, 0x000001bf68622800,
0x000001bf68623800, 0x000001bf67ca8800, 0x000001bf67caf000, 0x000001bf67cb4000,
0x000001bf68764000, 0x000001bf68786800, 0x000001bf6b266800, 0x000001bf69f80000,
0x000001bf6a627800, 0x000001bf6a432000, 0x000001bf6a465800, 0x000001bf6a3cc800,
0x000001bf6a3cd000, 0x000001bf6a3e3000, 0x000001bf6a3e4000, 0x000001bf6a4e1000,
0x000001bf6a17e800, 0x000001bf6a17f800, 0x000001bf6a180800, 0x000001bf6a181000,
0x000001bf6a17b800, 0x000001bf6a182000, 0x000001bf6a17c800, 0x000001bf6a17d000,
0x000001bf6a17e000, 0x000001bf6976f000, 0x000001bf69772800, 0x000001bf69773800,
0x000001bf69775800, 0x000001bf69774000, 0x000001bf69771800, 0x000001bf69775000,
0x000001bf69771000, 0x000001bf69778000, 0x000001bf6977a000, 0x000001bf6977c800,
0x000001bf69776800, 0x000001bf69779000, 0x000001bf6977a800, 0x000001bf6977d000,
0x000001bf6977b800, 0x000001bf69777800, 0x000001bf6977e000, 0x000001bf6a7ed000,
0x000001bf6a7ec000, 0x000001bf6a7ea800, 0x000001bf6a7ed800, 0x000001bf6a7f0000,
0x000001bf6a7f1000, 0x000001bf6a7ee800, 0x000001bf6a7ef800, 0x000001bf6a7eb800,
0x000001bf6a7f2000, 0x000001bf6a7f8800, 0x000001bf6a7f6800, 0x000001bf6a7f2800,
0x000001bf6a7f3800, 0x000001bf6a7f7800, 0x000001bf6a7f9000, 0x000001bf6a7f4000,
0x000001bf6a7f6000, 0x000001bf6a7f5000, 0x000001bf68f83800, 0x000001bf68f88800,
0x000001bf68f87800, 0x000001bf68f86800, 0x000001bf68f85000, 0x000001bf68f8a000,
0x000001bf68f89000, 0x000001bf68f84000, 0x000001bf68f8b800, 0x000001bf68f8a800,
0x000001bf68f86000, 0x000001bf68f8d000, 0x000001bf68f8e000, 0x000001bf68f92000,
0x000001bf68f8f000, 0x000001bf68f8f800, 0x000001bf68f8c800, 0x000001bf68f90800,
0x000001bf68f91000, 0x000001bf6951b800, 0x000001bf6951e000, 0x000001bf6951c000,
0x000001bf6951d000, 0x000001bf6951e800, 0x000001bf6951f800, 0x000001bf69520800,
0x000001bf6951a800, 0x000001bf69524800, 0x000001bf69521000, 0x000001bf69522800,
0x000001bf69525000, 0x000001bf69527000, 0x000001bf69526000, 0x000001bf69527800,
0x000001bf69522000, 0x000001bf69528800, 0x000001bf69529000, 0x000001bf69523800,
0x000001bf69662800, 0x000001bf6965e800, 0x000001bf69663800, 0x000001bf6965f800,
0x000001bf69660000, 0x000001bf69664000, 0x000001bf69665000, 0x000001bf69666000,
0x000001bf69666800, 0x000001bf69661000, 0x000001bf69667800, 0x000001bf69662000,
0x000001bf6966d000, 0x000001bf69668800, 0x000001bf6966a800, 0x000001bf6966b800,
0x000001bf69669000, 0x000001bf6966a000, 0x000001bf6966c800, 0x000001bf691c8000,
0x000001bf691ce000, 0x000001bf691cc800, 0x000001bf691ca000, 0x000001bf691ca800,
0x000001bf691cd000, 0x000001bf691cb800, 0x000001bf691ce800, 0x000001bf691c9000
}

Java Threads: ( => current thread )
  0x000001bf4e22e800 JavaThread "main" [_thread_blocked, id=8868, stack(0x00000057d0f00000,0x00000057d1000000)]
  0x000001bf67c8d000 JavaThread "Reference Handler" daemon [_thread_blocked, id=12840, stack(0x00000057d1600000,0x00000057d1700000)]
  0x000001bf67c95800 JavaThread "Finalizer" daemon [_thread_blocked, id=10064, stack(0x00000057d1700000,0x00000057d1800000)]
  0x000001bf68622800 JavaThread "Signal Dispatcher" daemon [_thread_blocked, id=4620, stack(0x00000057d1800000,0x00000057d1900000)]
  0x000001bf68623800 JavaThread "Attach Listener" daemon [_thread_blocked, id=12456, stack(0x00000057d1900000,0x00000057d1a00000)]
=>0x000001bf67ca8800 JavaThread "C2 CompilerThread0" daemon [_thread_in_native, id=2264, stack(0x00000057d1a00000,0x00000057d1b00000)]
  0x000001bf67caf000 JavaThread "C1 CompilerThread0" daemon [_thread_blocked, id=7948, stack(0x00000057d1b00000,0x00000057d1c00000)]
  0x000001bf67cb4000 JavaThread "Sweeper thread" daemon [_thread_blocked, id=13236, stack(0x00000057d1c00000,0x00000057d1d00000)]
  0x000001bf68764000 JavaThread "Common-Cleaner" daemon [_thread_blocked, id=5396, stack(0x00000057d1d00000,0x00000057d1e00000)]
  0x000001bf68786800 JavaThread "Service Thread" daemon [_thread_blocked, id=6124, stack(0x00000057d1e00000,0x00000057d1f00000)]
  0x000001bf6b266800 JavaThread "Daemon health stats" [_thread_blocked, id=11888, stack(0x00000057d2300000,0x00000057d2400000)]
  0x000001bf69f80000 JavaThread "Incoming local TCP Connector on port 53441" [_thread_in_native, id=6312, stack(0x00000057d2500000,0x00000057d2600000)]
  0x000001bf6a627800 JavaThread "Daemon periodic checks" [_thread_blocked, id=9372, stack(0x00000057d2600000,0x00000057d2700000)]
  0x000001bf6a432000 JavaThread "Daemon" [_thread_blocked, id=12416, stack(0x00000057d2700000,0x00000057d2800000)]
  0x000001bf6a465800 JavaThread "Handler for socket connection from /127.0.0.1:53441 to /127.0.0.1:53442" [_thread_in_native, id=6280, stack(0x00000057d2800000,0x00000057d2900000)]
  0x000001bf6a3cc800 JavaThread "Cancel handler" [_thread_blocked, id=10172, stack(0x00000057d2a00000,0x00000057d2b00000)]
  0x000001bf6a3cd000 JavaThread "Daemon worker" [_thread_in_native, id=8372, stack(0x00000057d2b00000,0x00000057d2c00000)]
  0x000001bf6a3e3000 JavaThread "Asynchronous log dispatcher for DefaultDaemonConnection: socket connection from /127.0.0.1:53441 to /127.0.0.1:53442" [_thread_blocked, id=11456, stack(0x00000057d2c00000,0x00000057d2d00000)]
  0x000001bf6a3e4000 JavaThread "Stdin handler" [_thread_blocked, id=5912, stack(0x00000057d2d00000,0x00000057d2e00000)]
  0x000001bf6a4e1000 JavaThread "Thread-8" [_thread_blocked, id=12616, stack(0x00000057d2e00000,0x00000057d2f00000)]
  0x000001bf6a17e800 JavaThread "Cache worker for file hash cache (C:\Users\HP\.gradle\caches\6.7.1\fileHashes)" [_thread_blocked, id=8692, stack(0x00000057d2f00000,0x00000057d3000000)]
  0x000001bf6a17f800 JavaThread "File lock request listener" [_thread_in_native, id=6060, stack(0x00000057d3000000,0x00000057d3100000)]
  0x000001bf6a180800 JavaThread "Cache worker for journal cache (C:\Users\HP\.gradle\caches\journal-1)" [_thread_blocked, id=11420, stack(0x00000057d3100000,0x00000057d3200000)]
  0x000001bf6a181000 JavaThread "Cache worker for file hash cache (C:\Users\HP\AndroidStudioProjects\Gradandroidfirsttry\.gradle\6.7.1\fileHashes)" [_thread_blocked, id=4864, stack(0x00000057d3200000,0x00000057d3300000)]
  0x000001bf6a17b800 JavaThread "Cache worker for checksums cache (C:\Users\HP\AndroidStudioProjects\Gradandroidfirsttry\.gradle\checksums)" [_thread_blocked, id=12776, stack(0x00000057d3300000,0x00000057d3400000)]
  0x000001bf6a182000 JavaThread "Cache worker for cache directory md-supplier (C:\Users\HP\.gradle\caches\6.7.1\md-supplier)" [_thread_blocked, id=10892, stack(0x00000057d3400000,0x00000057d3500000)]
  0x000001bf6a17c800 JavaThread "Cache worker for cache directory md-rule (C:\Users\HP\.gradle\caches\6.7.1\md-rule)" [_thread_blocked, id=8700, stack(0x00000057d3500000,0x00000057d3600000)]
  0x000001bf6a17d000 JavaThread "Cache worker for execution history cache (C:\Users\HP\.gradle\caches\6.7.1\executionHistory)" [_thread_blocked, id=12800, stack(0x00000057d3600000,0x00000057d3700000)]
  0x000001bf6a17e000 JavaThread "jar transforms" [_thread_blocked, id=11976, stack(0x00000057d3700000,0x00000057d3800000)]
  0x000001bf6976f000 JavaThread "Cache worker for file content cache (C:\Users\HP\.gradle\caches\6.7.1\fileContent)" [_thread_blocked, id=7236, stack(0x00000057d3800000,0x00000057d3900000)]
  0x000001bf69772800 JavaThread "Cache worker for Build Output Cleanup Cache (C:\Users\HP\AndroidStudioProjects\Gradandroidfirsttry\.gradle\buildOutputCleanup)" [_thread_blocked, id=11208, stack(0x00000057d3900000,0x00000057d3a00000)]
  0x000001bf69773800 JavaThread "Build operations" [_thread_blocked, id=12684, stack(0x00000057d3a00000,0x00000057d3b00000)]
  0x000001bf69775800 JavaThread "Build operations Thread 2" [_thread_blocked, id=5952, stack(0x00000057d3b00000,0x00000057d3c00000)]
  0x000001bf69774000 JavaThread "Build operations Thread 3" [_thread_blocked, id=8652, stack(0x00000057d3c00000,0x00000057d3d00000)]
  0x000001bf69771800 JavaThread "Build operations Thread 4" [_thread_blocked, id=1552, stack(0x00000057d3d00000,0x00000057d3e00000)]
  0x000001bf69775000 JavaThread "jar transforms Thread 2" [_thread_blocked, id=2448, stack(0x00000057d3e00000,0x00000057d3f00000)]
  0x000001bf69771000 JavaThread "jar transforms Thread 3" [_thread_blocked, id=2100, stack(0x00000057d3f00000,0x00000057d4000000)]
  0x000001bf69778000 JavaThread "jar transforms Thread 4" [_thread_blocked, id=4588, stack(0x00000057d4000000,0x00000057d4100000)]
  0x000001bf6977a000 JavaThread "jar transforms Thread 5" [_thread_blocked, id=2080, stack(0x00000057d4100000,0x00000057d4200000)]
  0x000001bf6977c800 JavaThread "jar transforms Thread 6" [_thread_blocked, id=5496, stack(0x00000057d4200000,0x00000057d4300000)]
  0x000001bf69776800 JavaThread "jar transforms Thread 7" [_thread_blocked, id=11860, stack(0x00000057d4300000,0x00000057d4400000)]
  0x000001bf69779000 JavaThread "jar transforms Thread 8" [_thread_blocked, id=11664, stack(0x00000057d4400000,0x00000057d4500000)]
  0x000001bf6977a800 JavaThread "jar transforms Thread 9" [_thread_blocked, id=6328, stack(0x00000057d4500000,0x00000057d4600000)]
  0x000001bf6977d000 JavaThread "jar transforms Thread 10" [_thread_blocked, id=9276, stack(0x00000057d4600000,0x00000057d4700000)]
  0x000001bf6977b800 JavaThread "jar transforms Thread 11" [_thread_blocked, id=9584, stack(0x00000057d4700000,0x00000057d4800000)]
  0x000001bf69777800 JavaThread "jar transforms Thread 12" [_thread_blocked, id=12420, stack(0x00000057d4800000,0x00000057d4900000)]
  0x000001bf6977e000 JavaThread "jar transforms Thread 13" [_thread_blocked, id=10900, stack(0x00000057d4900000,0x00000057d4a00000)]
  0x000001bf6a7ed000 JavaThread "jar transforms Thread 14" [_thread_blocked, id=5272, stack(0x00000057d4a00000,0x00000057d4b00000)]
  0x000001bf6a7ec000 JavaThread "jar transforms Thread 15" [_thread_blocked, id=8988, stack(0x00000057d4b00000,0x00000057d4c00000)]
  0x000001bf6a7ea800 JavaThread "jar transforms Thread 16" [_thread_blocked, id=9560, stack(0x00000057d4c00000,0x00000057d4d00000)]
  0x000001bf6a7ed800 JavaThread "jar transforms Thread 17" [_thread_blocked, id=9384, stack(0x00000057d4d00000,0x00000057d4e00000)]
  0x000001bf6a7f0000 JavaThread "jar transforms Thread 18" [_thread_blocked, id=3116, stack(0x00000057d4e00000,0x00000057d4f00000)]
  0x000001bf6a7f1000 JavaThread "jar transforms Thread 19" [_thread_blocked, id=10592, stack(0x00000057d4f00000,0x00000057d5000000)]
  0x000001bf6a7ee800 JavaThread "jar transforms Thread 20" [_thread_blocked, id=11984, stack(0x00000057d5000000,0x00000057d5100000)]
  0x000001bf6a7ef800 JavaThread "jar transforms Thread 21" [_thread_blocked, id=7716, stack(0x00000057d5100000,0x00000057d5200000)]
  0x000001bf6a7eb800 JavaThread "jar transforms Thread 22" [_thread_blocked, id=13112, stack(0x00000057d5200000,0x00000057d5300000)]
  0x000001bf6a7f2000 JavaThread "jar transforms Thread 23" [_thread_blocked, id=2344, stack(0x00000057d5300000,0x00000057d5400000)]
  0x000001bf6a7f8800 JavaThread "jar transforms Thread 24" [_thread_blocked, id=12392, stack(0x00000057d5400000,0x00000057d5500000)]
  0x000001bf6a7f6800 JavaThread "jar transforms Thread 25" [_thread_blocked, id=12300, stack(0x00000057d5500000,0x00000057d5600000)]
  0x000001bf6a7f2800 JavaThread "jar transforms Thread 26" [_thread_blocked, id=4752, stack(0x00000057d5600000,0x00000057d5700000)]
  0x000001bf6a7f3800 JavaThread "jar transforms Thread 27" [_thread_blocked, id=6236, stack(0x00000057d5700000,0x00000057d5800000)]
  0x000001bf6a7f7800 JavaThread "jar transforms Thread 28" [_thread_blocked, id=10352, stack(0x00000057d5800000,0x00000057d5900000)]
  0x000001bf6a7f9000 JavaThread "jar transforms Thread 29" [_thread_blocked, id=6928, stack(0x00000057d5900000,0x00000057d5a00000)]
  0x000001bf6a7f4000 JavaThread "jar transforms Thread 30" [_thread_blocked, id=13276, stack(0x00000057d5a00000,0x00000057d5b00000)]
  0x000001bf6a7f6000 JavaThread "jar transforms Thread 31" [_thread_blocked, id=4048, stack(0x00000057d5b00000,0x00000057d5c00000)]
  0x000001bf6a7f5000 JavaThread "jar transforms Thread 32" [_thread_blocked, id=1072, stack(0x00000057d5c00000,0x00000057d5d00000)]
  0x000001bf68f83800 JavaThread "jar transforms Thread 33" [_thread_blocked, id=7720, stack(0x00000057d5d00000,0x00000057d5e00000)]
  0x000001bf68f88800 JavaThread "jar transforms Thread 34" [_thread_blocked, id=10068, stack(0x00000057d5e00000,0x00000057d5f00000)]
  0x000001bf68f87800 JavaThread "jar transforms Thread 35" [_thread_blocked, id=10712, stack(0x00000057d5f00000,0x00000057d6000000)]
  0x000001bf68f86800 JavaThread "jar transforms Thread 36" [_thread_blocked, id=12656, stack(0x00000057d6000000,0x00000057d6100000)]
  0x000001bf68f85000 JavaThread "jar transforms Thread 37" [_thread_blocked, id=12600, stack(0x00000057d6100000,0x00000057d6200000)]
  0x000001bf68f8a000 JavaThread "jar transforms Thread 38" [_thread_blocked, id=5724, stack(0x00000057d6200000,0x00000057d6300000)]
  0x000001bf68f89000 JavaThread "jar transforms Thread 39" [_thread_blocked, id=7964, stack(0x00000057d6300000,0x00000057d6400000)]
  0x000001bf68f84000 JavaThread "jar transforms Thread 40" [_thread_blocked, id=3984, stack(0x00000057d6400000,0x00000057d6500000)]
  0x000001bf68f8b800 JavaThread "jar transforms Thread 41" [_thread_blocked, id=5872, stack(0x00000057d6500000,0x00000057d6600000)]
  0x000001bf68f8a800 JavaThread "jar transforms Thread 42" [_thread_blocked, id=12108, stack(0x00000057d6600000,0x00000057d6700000)]
  0x000001bf68f86000 JavaThread "jar transforms Thread 43" [_thread_blocked, id=7884, stack(0x00000057d6700000,0x00000057d6800000)]
  0x000001bf68f8d000 JavaThread "jar transforms Thread 44" [_thread_blocked, id=1972, stack(0x00000057d6800000,0x00000057d6900000)]
  0x000001bf68f8e000 JavaThread "jar transforms Thread 45" [_thread_blocked, id=11332, stack(0x00000057d6900000,0x00000057d6a00000)]
  0x000001bf68f92000 JavaThread "jar transforms Thread 46" [_thread_blocked, id=10260, stack(0x00000057d6a00000,0x00000057d6b00000)]
  0x000001bf68f8f000 JavaThread "jar transforms Thread 47" [_thread_blocked, id=9124, stack(0x00000057d6b00000,0x00000057d6c00000)]
  0x000001bf68f8f800 JavaThread "jar transforms Thread 48" [_thread_blocked, id=8908, stack(0x00000057d6c00000,0x00000057d6d00000)]
  0x000001bf68f8c800 JavaThread "jar transforms Thread 49" [_thread_blocked, id=12644, stack(0x00000057d6d00000,0x00000057d6e00000)]
  0x000001bf68f90800 JavaThread "jar transforms Thread 50" [_thread_blocked, id=7764, stack(0x00000057d6e00000,0x00000057d6f00000)]
  0x000001bf68f91000 JavaThread "jar transforms Thread 51" [_thread_blocked, id=9152, stack(0x00000057d6f00000,0x00000057d7000000)]
  0x000001bf6951b800 JavaThread "jar transforms Thread 52" [_thread_blocked, id=12208, stack(0x00000057d7000000,0x00000057d7100000)]
  0x000001bf6951e000 JavaThread "jar transforms Thread 53" [_thread_blocked, id=6944, stack(0x00000057d7100000,0x00000057d7200000)]
  0x000001bf6951c000 JavaThread "jar transforms Thread 54" [_thread_blocked, id=8416, stack(0x00000057d7200000,0x00000057d7300000)]
  0x000001bf6951d000 JavaThread "jar transforms Thread 55" [_thread_blocked, id=3936, stack(0x00000057d7300000,0x00000057d7400000)]
  0x000001bf6951e800 JavaThread "jar transforms Thread 56" [_thread_blocked, id=10372, stack(0x00000057d7400000,0x00000057d7500000)]
  0x000001bf6951f800 JavaThread "jar transforms Thread 57" [_thread_blocked, id=7280, stack(0x00000057d7500000,0x00000057d7600000)]
  0x000001bf69520800 JavaThread "jar transforms Thread 58" [_thread_blocked, id=13048, stack(0x00000057d7600000,0x00000057d7700000)]
  0x000001bf6951a800 JavaThread "jar transforms Thread 59" [_thread_blocked, id=5408, stack(0x00000057d7700000,0x00000057d7800000)]
  0x000001bf69524800 JavaThread "jar transforms Thread 60" [_thread_blocked, id=8872, stack(0x00000057d7800000,0x00000057d7900000)]
  0x000001bf69521000 JavaThread "jar transforms Thread 61" [_thread_blocked, id=9520, stack(0x00000057d7900000,0x00000057d7a00000)]
  0x000001bf69522800 JavaThread "jar transforms Thread 62" [_thread_blocked, id=11964, stack(0x00000057d7a00000,0x00000057d7b00000)]
  0x000001bf69525000 JavaThread "jar transforms Thread 63" [_thread_blocked, id=2824, stack(0x00000057d7b00000,0x00000057d7c00000)]
  0x000001bf69527000 JavaThread "jar transforms Thread 64" [_thread_blocked, id=13284, stack(0x00000057d7c00000,0x00000057d7d00000)]
  0x000001bf69526000 JavaThread "jar transforms Thread 65" [_thread_blocked, id=72, stack(0x00000057d7d00000,0x00000057d7e00000)]
  0x000001bf69527800 JavaThread "jar transforms Thread 66" [_thread_blocked, id=6000, stack(0x00000057d7e00000,0x00000057d7f00000)]
  0x000001bf69522000 JavaThread "jar transforms Thread 67" [_thread_blocked, id=10972, stack(0x00000057d7f00000,0x00000057d8000000)]
  0x000001bf69528800 JavaThread "jar transforms Thread 68" [_thread_blocked, id=5304, stack(0x00000057d8000000,0x00000057d8100000)]
  0x000001bf69529000 JavaThread "jar transforms Thread 69" [_thread_blocked, id=492, stack(0x00000057d8100000,0x00000057d8200000)]
  0x000001bf69523800 JavaThread "jar transforms Thread 70" [_thread_blocked, id=12400, stack(0x00000057d8200000,0x00000057d8300000)]
  0x000001bf69662800 JavaThread "jar transforms Thread 71" [_thread_blocked, id=6952, stack(0x00000057d8300000,0x00000057d8400000)]
  0x000001bf6965e800 JavaThread "jar transforms Thread 72" [_thread_blocked, id=3216, stack(0x00000057d8400000,0x00000057d8500000)]
  0x000001bf69663800 JavaThread "jar transforms Thread 73" [_thread_blocked, id=10720, stack(0x00000057d8500000,0x00000057d8600000)]
  0x000001bf6965f800 JavaThread "jar transforms Thread 74" [_thread_blocked, id=12744, stack(0x00000057d8600000,0x00000057d8700000)]
  0x000001bf69660000 JavaThread "jar transforms Thread 75" [_thread_blocked, id=7564, stack(0x00000057d8700000,0x00000057d8800000)]
  0x000001bf69664000 JavaThread "jar transforms Thread 76" [_thread_blocked, id=5956, stack(0x00000057d8800000,0x00000057d8900000)]
  0x000001bf69665000 JavaThread "jar transforms Thread 77" [_thread_blocked, id=3440, stack(0x00000057d8900000,0x00000057d8a00000)]
  0x000001bf69666000 JavaThread "jar transforms Thread 78" [_thread_blocked, id=12552, stack(0x00000057d8a00000,0x00000057d8b00000)]
  0x000001bf69666800 JavaThread "jar transforms Thread 79" [_thread_blocked, id=11220, stack(0x00000057d8b00000,0x00000057d8c00000)]
  0x000001bf69661000 JavaThread "jar transforms Thread 80" [_thread_blocked, id=10100, stack(0x00000057d8c00000,0x00000057d8d00000)]
  0x000001bf69667800 JavaThread "jar transforms Thread 81" [_thread_blocked, id=8500, stack(0x00000057d8d00000,0x00000057d8e00000)]
  0x000001bf69662000 JavaThread "jar transforms Thread 82" [_thread_blocked, id=6792, stack(0x00000057d8e00000,0x00000057d8f00000)]
  0x000001bf6966d000 JavaThread "jar transforms Thread 83" [_thread_blocked, id=13220, stack(0x00000057d8f00000,0x00000057d9000000)]
  0x000001bf69668800 JavaThread "jar transforms Thread 84" [_thread_blocked, id=9084, stack(0x00000057d9000000,0x00000057d9100000)]
  0x000001bf6966a800 JavaThread "jar transforms Thread 85" [_thread_blocked, id=1232, stack(0x00000057d9100000,0x00000057d9200000)]
  0x000001bf6966b800 JavaThread "jar transforms Thread 86" [_thread_blocked, id=9880, stack(0x00000057d9200000,0x00000057d9300000)]
  0x000001bf69669000 JavaThread "jar transforms Thread 87" [_thread_blocked, id=13100, stack(0x00000057d9300000,0x00000057d9400000)]
  0x000001bf6966a000 JavaThread "jar transforms Thread 88" [_thread_blocked, id=6760, stack(0x00000057d9400000,0x00000057d9500000)]
  0x000001bf6966c800 JavaThread "jar transforms Thread 89" [_thread_blocked, id=12888, stack(0x00000057d9500000,0x00000057d9600000)]
  0x000001bf691c8000 JavaThread "jar transforms Thread 90" [_thread_blocked, id=12372, stack(0x00000057d9600000,0x00000057d9700000)]
  0x000001bf691ce000 JavaThread "jar transforms Thread 91" [_thread_blocked, id=4132, stack(0x00000057d9700000,0x00000057d9800000)]
  0x000001bf691cc800 JavaThread "jar transforms Thread 92" [_thread_blocked, id=9988, stack(0x00000057d9800000,0x00000057d9900000)]
  0x000001bf691ca000 JavaThread "jar transforms Thread 93" [_thread_blocked, id=6284, stack(0x00000057d9900000,0x00000057d9a00000)]
  0x000001bf691ca800 JavaThread "jar transforms Thread 94" [_thread_blocked, id=2976, stack(0x00000057d9a00000,0x00000057d9b00000)]
  0x000001bf691cd000 JavaThread "jar transforms Thread 95" [_thread_blocked, id=4320, stack(0x00000057d9b00000,0x00000057d9c00000)]
  0x000001bf691cb800 JavaThread "jar transforms Thread 96" [_thread_blocked, id=6900, stack(0x00000057d9c00000,0x00000057d9d00000)]
  0x000001bf691ce800 JavaThread "jar transforms Thread 97" [_thread_blocked, id=10312, stack(0x00000057d9d00000,0x00000057d9e00000)]
  0x000001bf691c9000 JavaThread "Memory manager" [_thread_blocked, id=11076, stack(0x00000057d9e00000,0x00000057d9f00000)]

Other Threads:
  0x000001bf67c86800 VMThread "VM Thread" [stack: 0x00000057d1500000,0x00000057d1600000] [id=12912]
  0x000001bf68788000 WatcherThread [stack: 0x00000057d1f00000,0x00000057d2000000] [id=9892]
  0x000001bf4e243000 GCTaskThread "GC Thread#0" [stack: 0x00000057d1000000,0x00000057d1100000] [id=12596]
  0x000001bf68ab5800 GCTaskThread "GC Thread#1" [stack: 0x00000057d2100000,0x00000057d2200000] [id=12304]
  0x000001bf68bb8000 GCTaskThread "GC Thread#2" [stack: 0x00000057d2200000,0x00000057d2300000] [id=11600]
  0x000001bf6a47d000 GCTaskThread "GC Thread#3" [stack: 0x00000057d2900000,0x00000057d2a00000] [id=12704]
  0x000001bf4e275800 ConcurrentGCThread "G1 Main Marker" [stack: 0x00000057d1100000,0x00000057d1200000] [id=12620]
  0x000001bf4e278800 ConcurrentGCThread "G1 Conc#0" [stack: 0x00000057d1200000,0x00000057d1300000] [id=5836]
  0x000001bf4e306800 ConcurrentGCThread "G1 Refine#0" [stack: 0x00000057d1300000,0x00000057d1400000] [id=9884]
  0x000001bf4e307800 ConcurrentGCThread "G1 Young RemSet Sampling" [stack: 0x00000057d1400000,0x00000057d1500000] [id=10564]

Threads with active compile tasks:
C2 CompilerThread0  55222 6117       4       sun.reflect.generics.parser.SignatureParser::parsePackageNameAndSimpleClassTypeSignature (119 bytes)

VM state:not at safepoint (normal execution)

VM Mutex/Monitor currently owned by a thread: None

Heap address: 0x0000000080000000, size: 2048 MB, Compressed Oops mode: 32-bit
Narrow klass base: 0x0000000000000000, Narrow klass shift: 3
Compressed class space size: 1073741824 Address: 0x0000000100000000

Heap:
 garbage-first heap   total 157696K, used 74373K [0x0000000080000000, 0x0000000100000000)
  region size 1024K, 34 young (34816K), 7 survivors (7168K)
 Metaspace       used 67393K, capacity 68958K, committed 69068K, reserved 1110016K
  class space    used 8814K, capacity 9363K, committed 9472K, reserved 1048576K
Heap Regions: E=young(eden), S=young(survivor), O=old, HS=humongous(starts), HC=humongous(continues), CS=collection set, F=free, A=archive, TAMS=top-at-mark-start (previous, next)
|   0|0x0000000080000000, 0x0000000080100000, 0x0000000080100000|100%| O|  |TAMS 0x0000000080100000, 0x0000000080000000| Untracked 
|   1|0x0000000080100000, 0x0000000080200000, 0x0000000080200000|100%| O|  |TAMS 0x0000000080200000, 0x0000000080100000| Untracked 
|   2|0x0000000080200000, 0x0000000080300000, 0x0000000080300000|100%| O|  |TAMS 0x0000000080300000, 0x0000000080200000| Untracked 
|   3|0x0000000080300000, 0x0000000080400000, 0x0000000080400000|100%|HS|  |TAMS 0x0000000080400000, 0x0000000080300000| Complete 
|   4|0x0000000080400000, 0x0000000080500000, 0x0000000080500000|100%|HC|  |TAMS 0x0000000080500000, 0x0000000080400000| Complete 
|   5|0x0000000080500000, 0x0000000080600000, 0x0000000080600000|100%|HC|  |TAMS 0x0000000080600000, 0x0000000080500000| Complete 
|   6|0x0000000080600000, 0x0000000080700000, 0x0000000080700000|100%| O|  |TAMS 0x0000000080700000, 0x0000000080600000| Untracked 
|   7|0x0000000080700000, 0x0000000080800000, 0x0000000080800000|100%| O|  |TAMS 0x0000000080800000, 0x0000000080700000| Untracked 
|   8|0x0000000080800000, 0x0000000080900000, 0x0000000080900000|100%| O|  |TAMS 0x0000000080900000, 0x0000000080800000| Untracked 
|   9|0x0000000080900000, 0x0000000080a00000, 0x0000000080a00000|100%| O|  |TAMS 0x0000000080a00000, 0x0000000080900000| Untracked 
|  10|0x0000000080a00000, 0x0000000080b00000, 0x0000000080b00000|100%| O|  |TAMS 0x0000000080b00000, 0x0000000080a00000| Untracked 
|  11|0x0000000080b00000, 0x0000000080c00000, 0x0000000080c00000|100%| O|  |TAMS 0x0000000080c00000, 0x0000000080b00000| Untracked 
|  12|0x0000000080c00000, 0x0000000080d00000, 0x0000000080d00000|100%| O|  |TAMS 0x0000000080d00000, 0x0000000080c00000| Untracked 
|  13|0x0000000080d00000, 0x0000000080e00000, 0x0000000080e00000|100%| O|  |TAMS 0x0000000080e00000, 0x0000000080d00000| Untracked 
|  14|0x0000000080e00000, 0x0000000080f00000, 0x0000000080f00000|100%| O|  |TAMS 0x0000000080f00000, 0x0000000080e00000| Untracked 
|  15|0x0000000080f00000, 0x0000000081000000, 0x0000000081000000|100%| O|  |TAMS 0x0000000081000000, 0x0000000080f00000| Untracked 
|  16|0x0000000081000000, 0x0000000081100000, 0x0000000081100000|100%|HS|  |TAMS 0x0000000081100000, 0x0000000081000000| Complete 
|  17|0x0000000081100000, 0x0000000081200000, 0x0000000081200000|100%|HS|  |TAMS 0x0000000081200000, 0x0000000081100000| Complete 
|  18|0x0000000081200000, 0x0000000081300000, 0x0000000081300000|100%|HC|  |TAMS 0x0000000081300000, 0x0000000081200000| Complete 
|  19|0x0000000081300000, 0x0000000081400000, 0x0000000081400000|100%| O|  |TAMS 0x0000000081400000, 0x0000000081300000| Untracked 
|  20|0x0000000081400000, 0x0000000081500000, 0x0000000081500000|100%| O|  |TAMS 0x0000000081500000, 0x0000000081400000| Untracked 
|  21|0x0000000081500000, 0x0000000081600000, 0x0000000081600000|100%| O|  |TAMS 0x0000000081600000, 0x0000000081500000| Untracked 
|  22|0x0000000081600000, 0x0000000081700000, 0x0000000081700000|100%| O|  |TAMS 0x0000000081700000, 0x0000000081600000| Untracked 
|  23|0x0000000081700000, 0x0000000081800000, 0x0000000081800000|100%| O|  |TAMS 0x0000000081800000, 0x0000000081700000| Untracked 
|  24|0x0000000081800000, 0x0000000081900000, 0x0000000081900000|100%| O|  |TAMS 0x0000000081900000, 0x0000000081800000| Untracked 
|  25|0x0000000081900000, 0x0000000081a00000, 0x0000000081a00000|100%| O|  |TAMS 0x0000000081a00000, 0x0000000081900000| Untracked 
|  26|0x0000000081a00000, 0x0000000081b00000, 0x0000000081b00000|100%| O|  |TAMS 0x0000000081b00000, 0x0000000081a00000| Untracked 
|  27|0x0000000081b00000, 0x0000000081c00000, 0x0000000081c00000|100%| O|  |TAMS 0x0000000081c00000, 0x0000000081b00000| Untracked 
|  28|0x0000000081c00000, 0x0000000081d00000, 0x0000000081d00000|100%| O|  |TAMS 0x0000000081d00000, 0x0000000081c00000| Untracked 
|  29|0x0000000081d00000, 0x0000000081e00000, 0x0000000081e00000|100%| O|  |TAMS 0x0000000081e00000, 0x0000000081d00000| Untracked 
|  30|0x0000000081e00000, 0x0000000081f00000, 0x0000000081f00000|100%| O|  |TAMS 0x0000000081f00000, 0x0000000081e00000| Untracked 
|  31|0x0000000081f00000, 0x0000000082000000, 0x0000000082000000|100%| O|  |TAMS 0x0000000082000000, 0x0000000081f00000| Untracked 
|  32|0x0000000082000000, 0x0000000082100000, 0x0000000082100000|100%| O|  |TAMS 0x0000000082100000, 0x0000000082000000| Untracked 
|  33|0x0000000082100000, 0x0000000082200000, 0x0000000082200000|100%| O|  |TAMS 0x0000000082200000, 0x0000000082100000| Untracked 
|  34|0x0000000082200000, 0x0000000082300000, 0x0000000082300000|100%| O|  |TAMS 0x0000000082300000, 0x0000000082200000| Untracked 
|  35|0x0000000082300000, 0x0000000082400000, 0x0000000082400000|100%| O|  |TAMS 0x00000000823d3200, 0x0000000082300000| Untracked 
|  36|0x0000000082400000, 0x0000000082500000, 0x0000000082500000|100%| O|  |TAMS 0x0000000082400000, 0x0000000082400000| Untracked 
|  37|0x0000000082500000, 0x0000000082600000, 0x0000000082600000|100%| O|  |TAMS 0x0000000082500000, 0x0000000082500000| Untracked 
|  38|0x0000000082600000, 0x0000000082700000, 0x0000000082700000|100%| O|  |TAMS 0x0000000082600000, 0x0000000082600000| Untracked 
|  39|0x0000000082700000, 0x00000000827a1600, 0x0000000082800000| 63%| O|  |TAMS 0x0000000082700000, 0x0000000082700000| Untracked 
|  40|0x0000000082800000, 0x0000000082800000, 0x0000000082900000|  0%| F|  |TAMS 0x0000000082800000, 0x0000000082800000| Untracked 
|  41|0x0000000082900000, 0x0000000082900000, 0x0000000082a00000|  0%| F|  |TAMS 0x0000000082900000, 0x0000000082900000| Untracked 
|  42|0x0000000082a00000, 0x0000000082a00000, 0x0000000082b00000|  0%| F|  |TAMS 0x0000000082a00000, 0x0000000082a00000| Untracked 
|  43|0x0000000082b00000, 0x0000000082b00000, 0x0000000082c00000|  0%| F|  |TAMS 0x0000000082b00000, 0x0000000082b00000| Untracked 
|  44|0x0000000082c00000, 0x0000000082c00000, 0x0000000082d00000|  0%| F|  |TAMS 0x0000000082c00000, 0x0000000082c00000| Untracked 
|  45|0x0000000082d00000, 0x0000000082d00000, 0x0000000082e00000|  0%| F|  |TAMS 0x0000000082d00000, 0x0000000082d00000| Untracked 
|  46|0x0000000082e00000, 0x0000000082e00000, 0x0000000082f00000|  0%| F|  |TAMS 0x0000000082e00000, 0x0000000082e00000| Untracked 
|  47|0x0000000082f00000, 0x0000000082f00000, 0x0000000083000000|  0%| F|  |TAMS 0x0000000082f00000, 0x0000000082f00000| Untracked 
|  48|0x0000000083000000, 0x0000000083000000, 0x0000000083100000|  0%| F|  |TAMS 0x0000000083000000, 0x0000000083000000| Untracked 
|  49|0x0000000083100000, 0x0000000083100000, 0x0000000083200000|  0%| F|  |TAMS 0x0000000083100000, 0x0000000083100000| Untracked 
|  50|0x0000000083200000, 0x0000000083200000, 0x0000000083300000|  0%| F|  |TAMS 0x0000000083200000, 0x0000000083200000| Untracked 
|  51|0x0000000083300000, 0x0000000083300000, 0x0000000083400000|  0%| F|  |TAMS 0x0000000083300000, 0x0000000083300000| Untracked 
|  52|0x0000000083400000, 0x0000000083400000, 0x0000000083500000|  0%| F|  |TAMS 0x0000000083400000, 0x0000000083400000| Untracked 
|  53|0x0000000083500000, 0x0000000083500000, 0x0000000083600000|  0%| F|  |TAMS 0x0000000083500000, 0x0000000083500000| Untracked 
|  54|0x0000000083600000, 0x0000000083600000, 0x0000000083700000|  0%| F|  |TAMS 0x0000000083600000, 0x0000000083600000| Untracked 
|  55|0x0000000083700000, 0x0000000083700000, 0x0000000083800000|  0%| F|  |TAMS 0x0000000083700000, 0x0000000083700000| Untracked 
|  56|0x0000000083800000, 0x0000000083800000, 0x0000000083900000|  0%| F|  |TAMS 0x0000000083800000, 0x0000000083800000| Untracked 
|  57|0x0000000083900000, 0x0000000083900000, 0x0000000083a00000|  0%| F|  |TAMS 0x0000000083900000, 0x0000000083900000| Untracked 
|  58|0x0000000083a00000, 0x0000000083a00000, 0x0000000083b00000|  0%| F|  |TAMS 0x0000000083a00000, 0x0000000083a00000| Untracked 
|  59|0x0000000083b00000, 0x0000000083b00000, 0x0000000083c00000|  0%| F|  |TAMS 0x0000000083b00000, 0x0000000083b00000| Untracked 
|  60|0x0000000083c00000, 0x0000000083c00000, 0x0000000083d00000|  0%| F|  |TAMS 0x0000000083c00000, 0x0000000083c00000| Untracked 
|  61|0x0000000083d00000, 0x0000000083d00000, 0x0000000083e00000|  0%| F|  |TAMS 0x0000000083d00000, 0x0000000083d00000| Untracked 
|  62|0x0000000083e00000, 0x0000000083e00000, 0x0000000083f00000|  0%| F|  |TAMS 0x0000000083e00000, 0x0000000083e00000| Untracked 
|  63|0x0000000083f00000, 0x0000000083f00000, 0x0000000084000000|  0%| F|  |TAMS 0x0000000083f00000, 0x0000000083f00000| Untracked 
|  64|0x0000000084000000, 0x0000000084000000, 0x0000000084100000|  0%| F|  |TAMS 0x0000000084000000, 0x0000000084000000| Untracked 
|  65|0x0000000084100000, 0x0000000084100000, 0x0000000084200000|  0%| F|  |TAMS 0x0000000084100000, 0x0000000084100000| Untracked 
|  66|0x0000000084200000, 0x0000000084200000, 0x0000000084300000|  0%| F|  |TAMS 0x0000000084200000, 0x0000000084200000| Untracked 
|  67|0x0000000084300000, 0x0000000084300000, 0x0000000084400000|  0%| F|  |TAMS 0x0000000084300000, 0x0000000084300000| Untracked 
|  68|0x0000000084400000, 0x0000000084400000, 0x0000000084500000|  0%| F|  |TAMS 0x0000000084400000, 0x0000000084400000| Untracked 
|  69|0x0000000084500000, 0x0000000084500000, 0x0000000084600000|  0%| F|  |TAMS 0x0000000084500000, 0x0000000084500000| Untracked 
|  70|0x0000000084600000, 0x0000000084600000, 0x0000000084700000|  0%| F|  |TAMS 0x0000000084600000, 0x0000000084600000| Untracked 
|  71|0x0000000084700000, 0x0000000084800000, 0x0000000084800000|100%| S|CS|TAMS 0x0000000084700000, 0x0000000084700000| Complete 
|  72|0x0000000084800000, 0x0000000084900000, 0x0000000084900000|100%| S|CS|TAMS 0x0000000084800000, 0x0000000084800000| Complete 
|  73|0x0000000084900000, 0x0000000084a00000, 0x0000000084a00000|100%| S|CS|TAMS 0x0000000084900000, 0x0000000084900000| Complete 
|  74|0x0000000084a00000, 0x0000000084b00000, 0x0000000084b00000|100%| S|CS|TAMS 0x0000000084a00000, 0x0000000084a00000| Complete 
|  75|0x0000000084b00000, 0x0000000084c00000, 0x0000000084c00000|100%| S|CS|TAMS 0x0000000084b00000, 0x0000000084b00000| Complete 
|  76|0x0000000084c00000, 0x0000000084d00000, 0x0000000084d00000|100%| S|CS|TAMS 0x0000000084c00000, 0x0000000084c00000| Complete 
|  77|0x0000000084d00000, 0x0000000084e00000, 0x0000000084e00000|100%| S|CS|TAMS 0x0000000084d00000, 0x0000000084d00000| Complete 
|  78|0x0000000084e00000, 0x0000000084e00000, 0x0000000084f00000|  0%| F|  |TAMS 0x0000000084e00000, 0x0000000084e00000| Untracked 
|  79|0x0000000084f00000, 0x0000000084f00000, 0x0000000085000000|  0%| F|  |TAMS 0x0000000084f00000, 0x0000000084f00000| Untracked 
|  80|0x0000000085000000, 0x0000000085000000, 0x0000000085100000|  0%| F|  |TAMS 0x0000000085000000, 0x0000000085000000| Untracked 
|  81|0x0000000085100000, 0x0000000085100000, 0x0000000085200000|  0%| F|  |TAMS 0x0000000085100000, 0x0000000085100000| Untracked 
|  82|0x0000000085200000, 0x0000000085200000, 0x0000000085300000|  0%| F|  |TAMS 0x0000000085200000, 0x0000000085200000| Untracked 
|  83|0x0000000085300000, 0x0000000085300000, 0x0000000085400000|  0%| F|  |TAMS 0x0000000085300000, 0x0000000085300000| Untracked 
|  84|0x0000000085400000, 0x0000000085400000, 0x0000000085500000|  0%| F|  |TAMS 0x0000000085400000, 0x0000000085400000| Untracked 
|  85|0x0000000085500000, 0x0000000085500000, 0x0000000085600000|  0%| F|  |TAMS 0x0000000085500000, 0x0000000085500000| Untracked 
|  86|0x0000000085600000, 0x0000000085600000, 0x0000000085700000|  0%| F|  |TAMS 0x0000000085600000, 0x0000000085600000| Untracked 
|  87|0x0000000085700000, 0x0000000085700000, 0x0000000085800000|  0%| F|  |TAMS 0x0000000085700000, 0x0000000085700000| Untracked 
|  88|0x0000000085800000, 0x0000000085800000, 0x0000000085900000|  0%| F|  |TAMS 0x0000000085800000, 0x0000000085800000| Untracked 
|  89|0x0000000085900000, 0x0000000085900000, 0x0000000085a00000|  0%| F|  |TAMS 0x0000000085900000, 0x0000000085900000| Untracked 
|  90|0x0000000085a00000, 0x0000000085a00000, 0x0000000085b00000|  0%| F|  |TAMS 0x0000000085a00000, 0x0000000085a00000| Untracked 
|  91|0x0000000085b00000, 0x0000000085b00000, 0x0000000085c00000|  0%| F|  |TAMS 0x0000000085b00000, 0x0000000085b00000| Untracked 
|  92|0x0000000085c00000, 0x0000000085c00000, 0x0000000085d00000|  0%| F|  |TAMS 0x0000000085c00000, 0x0000000085c00000| Untracked 
|  93|0x0000000085d00000, 0x0000000085d00000, 0x0000000085e00000|  0%| F|  |TAMS 0x0000000085d00000, 0x0000000085d00000| Untracked 
|  94|0x0000000085e00000, 0x0000000085e00000, 0x0000000085f00000|  0%| F|  |TAMS 0x0000000085e00000, 0x0000000085e00000| Untracked 
|  95|0x0000000085f00000, 0x0000000085f00000, 0x0000000086000000|  0%| F|  |TAMS 0x0000000085f00000, 0x0000000085f00000| Untracked 
|  96|0x0000000086000000, 0x0000000086000000, 0x0000000086100000|  0%| F|  |TAMS 0x0000000086000000, 0x0000000086000000| Untracked 
|  97|0x0000000086100000, 0x0000000086100000, 0x0000000086200000|  0%| F|  |TAMS 0x0000000086100000, 0x0000000086100000| Untracked 
|  98|0x0000000086200000, 0x0000000086200000, 0x0000000086300000|  0%| F|  |TAMS 0x0000000086200000, 0x0000000086200000| Untracked 
|  99|0x0000000086300000, 0x0000000086300000, 0x0000000086400000|  0%| F|  |TAMS 0x0000000086300000, 0x0000000086300000| Untracked 
| 100|0x0000000086400000, 0x0000000086400000, 0x0000000086500000|  0%| F|  |TAMS 0x0000000086400000, 0x0000000086400000| Untracked 
| 101|0x0000000086500000, 0x0000000086500000, 0x0000000086600000|  0%| F|  |TAMS 0x0000000086500000, 0x0000000086500000| Untracked 
| 102|0x0000000086600000, 0x0000000086600000, 0x0000000086700000|  0%| F|  |TAMS 0x0000000086600000, 0x0000000086600000| Untracked 
| 103|0x0000000086700000, 0x0000000086700000, 0x0000000086800000|  0%| F|  |TAMS 0x0000000086700000, 0x0000000086700000| Untracked 
| 104|0x0000000086800000, 0x0000000086800000, 0x0000000086900000|  0%| F|  |TAMS 0x0000000086800000, 0x0000000086800000| Untracked 
| 105|0x0000000086900000, 0x0000000086900000, 0x0000000086a00000|  0%| F|  |TAMS 0x0000000086900000, 0x0000000086900000| Untracked 
| 106|0x0000000086a00000, 0x0000000086a00000, 0x0000000086b00000|  0%| F|  |TAMS 0x0000000086a00000, 0x0000000086a00000| Untracked 
| 107|0x0000000086b00000, 0x0000000086b00000, 0x0000000086c00000|  0%| F|  |TAMS 0x0000000086b00000, 0x0000000086b00000| Untracked 
| 108|0x0000000086c00000, 0x0000000086c00000, 0x0000000086d00000|  0%| F|  |TAMS 0x0000000086c00000, 0x0000000086c00000| Untracked 
| 109|0x0000000086d00000, 0x0000000086d00000, 0x0000000086e00000|  0%| F|  |TAMS 0x0000000086d00000, 0x0000000086d00000| Untracked 
| 110|0x0000000086e00000, 0x0000000086e00000, 0x0000000086f00000|  0%| F|  |TAMS 0x0000000086e00000, 0x0000000086e00000| Untracked 
| 111|0x0000000086f00000, 0x0000000086f00000, 0x0000000087000000|  0%| F|  |TAMS 0x0000000086f00000, 0x0000000086f00000| Untracked 
| 112|0x0000000087000000, 0x0000000087000000, 0x0000000087100000|  0%| F|  |TAMS 0x0000000087000000, 0x0000000087000000| Untracked 
| 113|0x0000000087100000, 0x0000000087100000, 0x0000000087200000|  0%| F|  |TAMS 0x0000000087100000, 0x0000000087100000| Untracked 
| 114|0x0000000087200000, 0x0000000087200000, 0x0000000087300000|  0%| F|  |TAMS 0x0000000087200000, 0x0000000087200000| Untracked 
| 115|0x0000000087300000, 0x0000000087300000, 0x0000000087400000|  0%| F|  |TAMS 0x0000000087300000, 0x0000000087300000| Untracked 
| 116|0x0000000087400000, 0x0000000087400000, 0x0000000087500000|  0%| F|  |TAMS 0x0000000087400000, 0x0000000087400000| Untracked 
| 117|0x0000000087500000, 0x0000000087500000, 0x0000000087600000|  0%| F|  |TAMS 0x0000000087500000, 0x0000000087500000| Untracked 
| 118|0x0000000087600000, 0x0000000087600000, 0x0000000087700000|  0%| F|  |TAMS 0x0000000087600000, 0x0000000087600000| Untracked 
| 119|0x0000000087700000, 0x0000000087700000, 0x0000000087800000|  0%| F|  |TAMS 0x0000000087700000, 0x0000000087700000| Untracked 
| 120|0x0000000087800000, 0x0000000087800000, 0x0000000087900000|  0%| F|  |TAMS 0x0000000087800000, 0x0000000087800000| Untracked 
| 121|0x0000000087900000, 0x0000000087900000, 0x0000000087a00000|  0%| F|  |TAMS 0x0000000087900000, 0x0000000087900000| Untracked 
| 122|0x0000000087a00000, 0x0000000087a00000, 0x0000000087b00000|  0%| F|  |TAMS 0x0000000087a00000, 0x0000000087a00000| Untracked 
| 123|0x0000000087b00000, 0x0000000087b00000, 0x0000000087c00000|  0%| F|  |TAMS 0x0000000087b00000, 0x0000000087b00000| Untracked 
| 124|0x0000000087c00000, 0x0000000087c00000, 0x0000000087d00000|  0%| F|  |TAMS 0x0000000087c00000, 0x0000000087c00000| Untracked 
| 125|0x0000000087d00000, 0x0000000087d00000, 0x0000000087e00000|  0%| F|  |TAMS 0x0000000087d00000, 0x0000000087d00000| Untracked 
| 126|0x0000000087e00000, 0x0000000087e80800, 0x0000000087f00000| 50%| E|  |TAMS 0x0000000087e00000, 0x0000000087e00000| Complete 
| 127|0x0000000087f00000, 0x0000000088000000, 0x0000000088000000|100%| E|CS|TAMS 0x0000000087f00000, 0x0000000087f00000| Complete 
| 128|0x0000000088000000, 0x0000000088100000, 0x0000000088100000|100%| E|CS|TAMS 0x0000000088000000, 0x0000000088000000| Complete 
| 129|0x0000000088100000, 0x0000000088200000, 0x0000000088200000|100%| E|CS|TAMS 0x0000000088100000, 0x0000000088100000| Complete 
| 130|0x0000000088200000, 0x0000000088300000, 0x0000000088300000|100%| E|CS|TAMS 0x0000000088200000, 0x0000000088200000| Complete 
| 131|0x0000000088300000, 0x0000000088400000, 0x0000000088400000|100%| E|CS|TAMS 0x0000000088300000, 0x0000000088300000| Complete 
| 132|0x0000000088400000, 0x0000000088500000, 0x0000000088500000|100%| E|CS|TAMS 0x0000000088400000, 0x0000000088400000| Complete 
| 133|0x0000000088500000, 0x0000000088600000, 0x0000000088600000|100%| E|CS|TAMS 0x0000000088500000, 0x0000000088500000| Complete 
| 134|0x0000000088600000, 0x0000000088700000, 0x0000000088700000|100%| E|CS|TAMS 0x0000000088600000, 0x0000000088600000| Complete 
| 135|0x0000000088700000, 0x0000000088800000, 0x0000000088800000|100%| E|CS|TAMS 0x0000000088700000, 0x0000000088700000| Complete 
| 136|0x0000000088800000, 0x0000000088900000, 0x0000000088900000|100%| E|CS|TAMS 0x0000000088800000, 0x0000000088800000| Complete 
| 137|0x0000000088900000, 0x0000000088a00000, 0x0000000088a00000|100%| E|CS|TAMS 0x0000000088900000, 0x0000000088900000| Complete 
| 138|0x0000000088a00000, 0x0000000088b00000, 0x0000000088b00000|100%| E|CS|TAMS 0x0000000088a00000, 0x0000000088a00000| Complete 
| 139|0x0000000088b00000, 0x0000000088c00000, 0x0000000088c00000|100%| E|CS|TAMS 0x0000000088b00000, 0x0000000088b00000| Complete 
| 140|0x0000000088c00000, 0x0000000088d00000, 0x0000000088d00000|100%| E|CS|TAMS 0x0000000088c00000, 0x0000000088c00000| Complete 
| 141|0x0000000088d00000, 0x0000000088e00000, 0x0000000088e00000|100%| E|CS|TAMS 0x0000000088d00000, 0x0000000088d00000| Complete 
| 142|0x0000000088e00000, 0x0000000088f00000, 0x0000000088f00000|100%| E|CS|TAMS 0x0000000088e00000, 0x0000000088e00000| Complete 
| 143|0x0000000088f00000, 0x0000000089000000, 0x0000000089000000|100%| E|CS|TAMS 0x0000000088f00000, 0x0000000088f00000| Complete 
| 144|0x0000000089000000, 0x0000000089100000, 0x0000000089100000|100%| E|CS|TAMS 0x0000000089000000, 0x0000000089000000| Complete 
| 145|0x0000000089100000, 0x0000000089200000, 0x0000000089200000|100%| E|CS|TAMS 0x0000000089100000, 0x0000000089100000| Complete 
| 146|0x0000000089200000, 0x0000000089300000, 0x0000000089300000|100%| E|CS|TAMS 0x0000000089200000, 0x0000000089200000| Complete 
| 147|0x0000000089300000, 0x0000000089400000, 0x0000000089400000|100%| E|CS|TAMS 0x0000000089300000, 0x0000000089300000| Complete 
| 148|0x0000000089400000, 0x0000000089500000, 0x0000000089500000|100%| E|CS|TAMS 0x0000000089400000, 0x0000000089400000| Complete 
| 149|0x0000000089500000, 0x0000000089600000, 0x0000000089600000|100%| E|CS|TAMS 0x0000000089500000, 0x0000000089500000| Complete 
| 150|0x0000000089600000, 0x0000000089700000, 0x0000000089700000|100%| E|CS|TAMS 0x0000000089600000, 0x0000000089600000| Complete 
| 151|0x0000000089700000, 0x0000000089800000, 0x0000000089800000|100%| E|CS|TAMS 0x0000000089700000, 0x0000000089700000| Complete 
| 152|0x0000000089800000, 0x0000000089900000, 0x0000000089900000|100%| E|CS|TAMS 0x0000000089800000, 0x0000000089800000| Complete 
| 153|0x0000000089900000, 0x0000000089a00000, 0x0000000089a00000|100%| E|CS|TAMS 0x0000000089900000, 0x0000000089900000| Complete 

Card table byte_map: [0x000001bf60fb0000,0x000001bf613b0000] _byte_map_base: 0x000001bf60bb0000

Marking Bits (Prev, Next): (CMBitMap*) 0x000001bf4e26c800, (CMBitMap*) 0x000001bf4e26c7c8
 Prev Bits: [0x000001bf637b0000, 0x000001bf657b0000)
 Next Bits: [0x000001bf617b0000, 0x000001bf637b0000)

Polling page: 0x000001bf4c120000

Metaspace:

Usage:
  Non-class:     58.20 MB capacity,    57.24 MB ( 98%) used,   828.51 KB (  1%) free+waste,   149.81 KB ( <1%) overhead. 
      Class:      9.14 MB capacity,     8.62 MB ( 94%) used,   470.28 KB (  5%) free+waste,    70.13 KB ( <1%) overhead. 
       Both:     67.34 MB capacity,    65.86 MB ( 98%) used,     1.27 MB (  2%) free+waste,   219.94 KB ( <1%) overhead. 

Virtual space:
  Non-class space:       60.00 MB reserved,      58.20 MB ( 97%) committed 
      Class space:        1.00 GB reserved,       9.25 MB ( <1%) committed 
             Both:        1.06 GB reserved,      67.45 MB (  6%) committed 

Chunk freelists:
   Non-Class:  1.00 KB
       Class:  13.00 KB
        Both:  14.00 KB

MaxMetaspaceSize: 17179869184.00 GB
CompressedClassSpaceSize: 1.00 GB

CodeHeap 'non-profiled nmethods': size=120064Kb used=3431Kb max_used=3431Kb free=116632Kb
 bounds [0x000001bf59670000, 0x000001bf599d0000, 0x000001bf60bb0000]
CodeHeap 'profiled nmethods': size=120000Kb used=12751Kb max_used=12751Kb free=107248Kb
 bounds [0x000001bf52140000, 0x000001bf52dc0000, 0x000001bf59670000]
CodeHeap 'non-nmethods': size=5696Kb used=2236Kb max_used=2279Kb free=3459Kb
 bounds [0x000001bf51bb0000, 0x000001bf51e20000, 0x000001bf52140000]
 total_blobs=6782 nmethods=5963 adapters=730
 compilation: enabled
              stopped_count=0, restarted_count=0
 full_count=0

Compilation events (20 events):
Event: 54.015 Thread 0x000001bf67caf000 6177       3       org.gradle.internal.reflect.annotations.impl.DefaultTypeAnnotationMetadataStore$$Lambda$380/0x0000000100695840::apply (24 bytes)
Event: 54.016 Thread 0x000001bf67caf000 nmethod 6177 0x000001bf52d96910 code [0x000001bf52d96ae0, 0x000001bf52d96de8]
Event: 54.016 Thread 0x000001bf67caf000 6179       3       com.google.common.collect.HashMultimap::create (8 bytes)
Event: 54.017 Thread 0x000001bf67caf000 nmethod 6179 0x000001bf52d96f10 code [0x000001bf52d971a0, 0x000001bf52d97c98]
Event: 54.017 Thread 0x000001bf67caf000 6180       3       com.google.common.collect.HashMultimap::<init> (8 bytes)
Event: 54.017 Thread 0x000001bf67caf000 nmethod 6180 0x000001bf52d98090 code [0x000001bf52d98300, 0x000001bf52d98d58]
Event: 54.017 Thread 0x000001bf67caf000 6181       3       com.google.common.collect.HashMultimap::<init> (31 bytes)
Event: 54.018 Thread 0x000001bf67caf000 nmethod 6181 0x000001bf52d99110 code [0x000001bf52d993a0, 0x000001bf52d99ec8]
Event: 54.018 Thread 0x000001bf67caf000 6182       3       com.google.common.collect.HashMultimapGwtSerializationDependencies::<init> (6 bytes)
Event: 54.018 Thread 0x000001bf67caf000 nmethod 6182 0x000001bf52d9a290 code [0x000001bf52d9a4a0, 0x000001bf52d9a998]
Event: 54.018 Thread 0x000001bf67caf000 6183       3       com.google.common.collect.RegularImmutableMap$KeysOrValuesAsList::<init> (20 bytes)
Event: 54.019 Thread 0x000001bf67caf000 nmethod 6183 0x000001bf52d9ab90 code [0x000001bf52d9ad60, 0x000001bf52d9b038]
Event: 54.019 Thread 0x000001bf67caf000 6178       3       org.gradle.internal.reflect.annotations.impl.DefaultTypeAnnotationMetadataStore::lambda$getOrCreateBuilder$3 (12 bytes)
Event: 54.019 Thread 0x000001bf67caf000 nmethod 6178 0x000001bf52d9b190 code [0x000001bf52d9b340, 0x000001bf52d9b4e8]
Event: 54.019 Thread 0x000001bf67caf000 6184       1       com.google.common.collect.CompactHashSet::size (5 bytes)
Event: 54.019 Thread 0x000001bf67caf000 nmethod 6184 0x000001bf599c9910 code [0x000001bf599c9ac0, 0x000001bf599c9b78]
Event: 54.022 Thread 0x000001bf67caf000 6185       3       java.lang.Class::getDeclaredAnnotations (11 bytes)
Event: 54.022 Thread 0x000001bf67caf000 nmethod 6185 0x000001bf52d9b610 code [0x000001bf52d9b800, 0x000001bf52d9bc08]
Event: 54.022 Thread 0x000001bf67caf000 6186       3       org.gradle.internal.instantiation.generator.AbstractClassGenerator$PropertyMetadata::getGenericType (34 bytes)
Event: 54.024 Thread 0x000001bf67caf000 nmethod 6186 0x000001bf52d9bd90 code [0x000001bf52d9c000, 0x000001bf52d9cb48]

GC Heap History (20 events):
Event: 1.139 GC heap before
{Heap before GC invocations=2 (full 0):
 garbage-first heap   total 131072K, used 38188K [0x0000000080000000, 0x0000000100000000)
  region size 1024K, 31 young (31744K), 1 survivors (1024K)
 Metaspace       used 10622K, capacity 10837K, committed 11008K, reserved 1058816K
  class space    used 1102K, capacity 1164K, committed 1280K, reserved 1048576K
}
Event: 1.142 GC heap after
{Heap after GC invocations=3 (full 0):
 garbage-first heap   total 131072K, used 12660K [0x0000000080000000, 0x0000000100000000)
  region size 1024K, 4 young (4096K), 4 survivors (4096K)
 Metaspace       used 10622K, capacity 10837K, committed 11008K, reserved 1058816K
  class space    used 1102K, capacity 1164K, committed 1280K, reserved 1048576K
}
Event: 3.984 GC heap before
{Heap before GC invocations=3 (full 0):
 garbage-first heap   total 131072K, used 55668K [0x0000000080000000, 0x0000000100000000)
  region size 1024K, 46 young (47104K), 4 survivors (4096K)
 Metaspace       used 19037K, capacity 19470K, committed 19712K, reserved 1067008K
  class space    used 2313K, capacity 2457K, committed 2560K, reserved 1048576K
}
Event: 3.990 GC heap after
{Heap after GC invocations=4 (full 0):
 garbage-first heap   total 131072K, used 15662K [0x0000000080000000, 0x0000000100000000)
  region size 1024K, 3 young (3072K), 3 survivors (3072K)
 Metaspace       used 19037K, capacity 19470K, committed 19712K, reserved 1067008K
  class space    used 2313K, capacity 2457K, committed 2560K, reserved 1048576K
}
Event: 4.801 GC heap before
{Heap before GC invocations=4 (full 0):
 garbage-first heap   total 131072K, used 26926K [0x0000000080000000, 0x0000000100000000)
  region size 1024K, 15 young (15360K), 3 survivors (3072K)
 Metaspace       used 20630K, capacity 21109K, committed 21248K, reserved 1067008K
  class space    used 2531K, capacity 2710K, committed 2816K, reserved 1048576K
}
Event: 4.807 GC heap after
{Heap after GC invocations=5 (full 0):
 garbage-first heap   total 131072K, used 16079K [0x0000000080000000, 0x0000000100000000)
  region size 1024K, 4 young (4096K), 4 survivors (4096K)
 Metaspace       used 20630K, capacity 21109K, committed 21248K, reserved 1067008K
  class space    used 2531K, capacity 2710K, committed 2816K, reserved 1048576K
}
Event: 8.329 GC heap before
{Heap before GC invocations=6 (full 0):
 garbage-first heap   total 131072K, used 64207K [0x0000000080000000, 0x0000000100000000)
  region size 1024K, 51 young (52224K), 4 survivors (4096K)
 Metaspace       used 26125K, capacity 26739K, committed 27008K, reserved 1073152K
  class space    used 3412K, capacity 3632K, committed 3712K, reserved 1048576K
}
Event: 8.335 GC heap after
{Heap after GC invocations=7 (full 0):
 garbage-first heap   total 131072K, used 17899K [0x0000000080000000, 0x0000000100000000)
  region size 1024K, 6 young (6144K), 6 survivors (6144K)
 Metaspace       used 26125K, capacity 26739K, committed 27008K, reserved 1073152K
  class space    used 3412K, capacity 3632K, committed 3712K, reserved 1048576K
}
Event: 12.711 GC heap before
{Heap before GC invocations=7 (full 0):
 garbage-first heap   total 131072K, used 67051K [0x0000000080000000, 0x0000000100000000)
  region size 1024K, 55 young (56320K), 6 survivors (6144K)
 Metaspace       used 35104K, capacity 35769K, committed 35840K, reserved 1081344K
  class space    used 4574K, capacity 4856K, committed 4864K, reserved 1048576K
}
Event: 12.729 GC heap after
{Heap after GC invocations=8 (full 0):
 garbage-first heap   total 131072K, used 21184K [0x0000000080000000, 0x0000000100000000)
  region size 1024K, 6 young (6144K), 6 survivors (6144K)
 Metaspace       used 35104K, capacity 35769K, committed 35840K, reserved 1081344K
  class space    used 4574K, capacity 4856K, committed 4864K, reserved 1048576K
}
Event: 16.450 GC heap before
{Heap before GC invocations=9 (full 0):
 garbage-first heap   total 131072K, used 90816K [0x0000000080000000, 0x0000000100000000)
  region size 1024K, 71 young (72704K), 6 survivors (6144K)
 Metaspace       used 41500K, capacity 42369K, committed 42624K, reserved 1085440K
  class space    used 5332K, capacity 5642K, committed 5760K, reserved 1048576K
}
Event: 16.462 GC heap after
{Heap after GC invocations=10 (full 0):
 garbage-first heap   total 157696K, used 24370K [0x0000000080000000, 0x0000000100000000)
  region size 1024K, 7 young (7168K), 7 survivors (7168K)
 Metaspace       used 41500K, capacity 42369K, committed 42624K, reserved 1085440K
  class space    used 5332K, capacity 5642K, committed 5760K, reserved 1048576K
}
Event: 34.484 GC heap before
{Heap before GC invocations=10 (full 0):
 garbage-first heap   total 157696K, used 100146K [0x0000000080000000, 0x0000000100000000)
  region size 1024K, 79 young (80896K), 7 survivors (7168K)
 Metaspace       used 45157K, capacity 46247K, committed 46464K, reserved 1089536K
  class space    used 5792K, capacity 6191K, committed 6272K, reserved 1048576K
}
Event: 34.507 GC heap after
{Heap after GC invocations=11 (full 0):
 garbage-first heap   total 157696K, used 36265K [0x0000000080000000, 0x0000000100000000)
  region size 1024K, 10 young (10240K), 10 survivors (10240K)
 Metaspace       used 45157K, capacity 46247K, committed 46464K, reserved 1089536K
  class space    used 5792K, capacity 6191K, committed 6272K, reserved 1048576K
}
Event: 46.255 GC heap before
{Heap before GC invocations=11 (full 0):
 garbage-first heap   total 157696K, used 108969K [0x0000000080000000, 0x0000000100000000)
  region size 1024K, 82 young (83968K), 10 survivors (10240K)
 Metaspace       used 55976K, capacity 57373K, committed 57600K, reserved 1099776K
  class space    used 7115K, capacity 7597K, committed 7680K, reserved 1048576K
}
Event: 46.273 GC heap after
{Heap after GC invocations=12 (full 0):
 garbage-first heap   total 157696K, used 41507K [0x0000000080000000, 0x0000000100000000)
  region size 1024K, 5 young (5120K), 5 survivors (5120K)
 Metaspace       used 55976K, capacity 57373K, committed 57600K, reserved 1099776K
  class space    used 7115K, capacity 7597K, committed 7680K, reserved 1048576K
}
Event: 47.718 GC heap before
{Heap before GC invocations=12 (full 0):
 garbage-first heap   total 157696K, used 71203K [0x0000000080000000, 0x0000000100000000)
  region size 1024K, 34 young (34816K), 5 survivors (5120K)
 Metaspace       used 58735K, capacity 60130K, committed 60160K, reserved 1101824K
  class space    used 7435K, capacity 7907K, committed 7936K, reserved 1048576K
}
Event: 47.727 GC heap after
{Heap after GC invocations=13 (full 0):
 garbage-first heap   total 157696K, used 43531K [0x0000000080000000, 0x0000000100000000)
  region size 1024K, 7 young (7168K), 7 survivors (7168K)
 Metaspace       used 58735K, capacity 60130K, committed 60160K, reserved 1101824K
  class space    used 7435K, capacity 7907K, committed 7936K, reserved 1048576K
}
Event: 52.746 GC heap before
{Heap before GC invocations=14 (full 0):
 garbage-first heap   total 157696K, used 114187K [0x0000000080000000, 0x0000000100000000)
  region size 1024K, 76 young (77824K), 7 survivors (7168K)
 Metaspace       used 64795K, capacity 66182K, committed 66252K, reserved 1105920K
  class space    used 8422K, capacity 8933K, committed 8960K, reserved 1048576K
}
Event: 52.761 GC heap after
{Heap after GC invocations=15 (full 0):
 garbage-first heap   total 157696K, used 47749K [0x0000000080000000, 0x0000000100000000)
  region size 1024K, 7 young (7168K), 7 survivors (7168K)
 Metaspace       used 64795K, capacity 66182K, committed 66252K, reserved 1105920K
  class space    used 8422K, capacity 8933K, committed 8960K, reserved 1048576K
}

Deoptimization events (20 events):
Event: 52.916 Thread 0x000001bf6a3cd000 DEOPT PACKING pc=0x000001bf59845d3c sp=0x00000057d2bf9c60
Event: 52.916 Thread 0x000001bf6a3cd000 DEOPT UNPACKING pc=0x000001bf51bd74af sp=0x00000057d2bf9c68 mode 2
Event: 53.750 Thread 0x000001bf6a3cd000 Uncommon trap: trap_request=0xffffff4d fr.pc=0x000001bf596ca93c relative=0x000000000000095c
Event: 53.751 Thread 0x000001bf6a3cd000 Uncommon trap: reason=unstable_if action=reinterpret pc=0x000001bf596ca93c method=java.util.HashMap.resize()[Ljava/util/HashMap$Node; @ 203 c2
Event: 53.751 Thread 0x000001bf6a3cd000 DEOPT PACKING pc=0x000001bf596ca93c sp=0x00000057d2bf9bd0
Event: 53.751 Thread 0x000001bf6a3cd000 DEOPT UNPACKING pc=0x000001bf51bd74af sp=0x00000057d2bf9b70 mode 2
Event: 53.751 Thread 0x000001bf6a3cd000 Uncommon trap: trap_request=0xffffff4d fr.pc=0x000001bf598f46c8 relative=0x0000000000002568
Event: 53.751 Thread 0x000001bf6a3cd000 Uncommon trap: reason=unstable_if action=reinterpret pc=0x000001bf598f46c8 method=java.util.HashMap.getNode(ILjava/lang/Object;)Ljava/util/HashMap$Node; @ 84 c2
Event: 53.751 Thread 0x000001bf6a3cd000 DEOPT PACKING pc=0x000001bf598f46c8 sp=0x00000057d2bf9c70
Event: 53.751 Thread 0x000001bf6a3cd000 DEOPT UNPACKING pc=0x000001bf51bd74af sp=0x00000057d2bf9b58 mode 2
Event: 53.751 Thread 0x000001bf6a3cd000 Uncommon trap: trap_request=0xffffff4d fr.pc=0x000001bf599521f8 relative=0x00000000000002b8
Event: 53.751 Thread 0x000001bf6a3cd000 Uncommon trap: reason=unstable_if action=reinterpret pc=0x000001bf599521f8 method=java.util.HashMap.getNode(ILjava/lang/Object;)Ljava/util/HashMap$Node; @ 84 c2
Event: 53.751 Thread 0x000001bf6a3cd000 DEOPT PACKING pc=0x000001bf599521f8 sp=0x00000057d2bf9c20
Event: 53.751 Thread 0x000001bf6a3cd000 DEOPT UNPACKING pc=0x000001bf51bd74af sp=0x00000057d2bf9b40 mode 2
Event: 53.751 Thread 0x000001bf6a3cd000 Uncommon trap: trap_request=0xffffff4d fr.pc=0x000001bf59804be0 relative=0x00000000000001a0
Event: 53.751 Thread 0x000001bf6a3cd000 Uncommon trap: reason=unstable_if action=reinterpret pc=0x000001bf59804be0 method=java.util.HashMap.getNode(ILjava/lang/Object;)Ljava/util/HashMap$Node; @ 84 c2
Event: 53.751 Thread 0x000001bf6a3cd000 DEOPT PACKING pc=0x000001bf59804be0 sp=0x00000057d2bf9bc0
Event: 53.751 Thread 0x000001bf6a3cd000 DEOPT UNPACKING pc=0x000001bf51bd74af sp=0x00000057d2bf9b48 mode 2
Event: 53.903 Thread 0x000001bf6a3cd000 DEOPT PACKING pc=0x000001bf52b8bb27 sp=0x00000057d2bf9980
Event: 53.903 Thread 0x000001bf6a3cd000 DEOPT UNPACKING pc=0x000001bf51bd72ce sp=0x00000057d2bf8e30 mode 0

Classes redefined (0 events):
No events

Internal exceptions (20 events):
Event: 48.821 Thread 0x000001bf6a3cd000 Exception <a 'java/lang/ClassNotFoundException'{0x00000000883c75d8}: java/lang/EnumCustomizer> (0x00000000883c75d8) thrown at [./src/hotspot/share/classfile/systemDictionary.cpp, line 231]
Event: 48.822 Thread 0x000001bf6a3cd000 Exception <a 'java/lang/ClassNotFoundException'{0x00000000883f27b8}: org/gradle/api/JavaVersionCustomizer> (0x00000000883f27b8) thrown at [./src/hotspot/share/classfile/systemDictionary.cpp, line 231]
Event: 48.825 Thread 0x000001bf6a3cd000 Exception <a 'java/lang/ClassNotFoundException'{0x0000000088241d68}: com/android/build/gradle/internal/CompileOptions_DecoratedBeanInfo> (0x0000000088241d68) thrown at [./src/hotspot/share/classfile/systemDictionary.cpp, line 231]
Event: 48.825 Thread 0x000001bf6a3cd000 Exception <a 'java/lang/ClassNotFoundException'{0x0000000088258410}: com/android/build/gradle/internal/CompileOptionsBeanInfo> (0x0000000088258410) thrown at [./src/hotspot/share/classfile/systemDictionary.cpp, line 231]
Event: 48.826 Thread 0x000001bf6a3cd000 Exception <a 'java/lang/ClassNotFoundException'{0x000000008826f0f8}: com/android/build/gradle/internal/CompileOptionsCustomizer> (0x000000008826f0f8) thrown at [./src/hotspot/share/classfile/systemDictionary.cpp, line 231]
Event: 48.827 Thread 0x000001bf6a3cd000 Exception <a 'java/lang/ClassNotFoundException'{0x0000000088292738}: com/android/build/gradle/internal/CompileOptions_DecoratedCustomizer> (0x0000000088292738) thrown at [./src/hotspot/share/classfile/systemDictionary.cpp, line 231]
Event: 48.831 Thread 0x000001bf6a3cd000 Exception <a 'java/lang/ClassNotFoundException'{0x0000000088125358}: com/android/build/gradle/internal/dsl/ApplicationBuildFeaturesImpl_DecoratedBeanInfo> (0x0000000088125358) thrown at [./src/hotspot/share/classfile/systemDictionary.cpp, line 231]
Event: 48.832 Thread 0x000001bf6a3cd000 Exception <a 'java/lang/ClassNotFoundException'{0x000000008813e168}: com/android/build/gradle/internal/dsl/ApplicationBuildFeaturesImplBeanInfo> (0x000000008813e168) thrown at [./src/hotspot/share/classfile/systemDictionary.cpp, line 231]
Event: 48.832 Thread 0x000001bf6a3cd000 Exception <a 'java/lang/ClassNotFoundException'{0x0000000088155880}: com/android/build/gradle/internal/dsl/BuildFeaturesImplBeanInfo> (0x0000000088155880) thrown at [./src/hotspot/share/classfile/systemDictionary.cpp, line 231]
Event: 48.832 Thread 0x000001bf6a3cd000 Exception <a 'java/lang/ClassNotFoundException'{0x000000008816cfd0}: com/android/build/gradle/internal/dsl/BuildFeaturesImplCustomizer> (0x000000008816cfd0) thrown at [./src/hotspot/share/classfile/systemDictionary.cpp, line 231]
Event: 48.833 Thread 0x000001bf6a3cd000 Exception <a 'java/lang/ClassNotFoundException'{0x00000000881916c8}: com/android/build/gradle/internal/dsl/ApplicationBuildFeaturesImplCustomizer> (0x00000000881916c8) thrown at [./src/hotspot/share/classfile/systemDictionary.cpp, line 231]
Event: 48.834 Thread 0x000001bf6a3cd000 Exception <a 'java/lang/ClassNotFoundException'{0x00000000881b1a60}: com/android/build/gradle/internal/dsl/ApplicationBuildFeaturesImpl_DecoratedCustomizer> (0x00000000881b1a60) thrown at [./src/hotspot/share/classfile/systemDictionary.cpp, line 231]
Event: 50.451 Thread 0x000001bf691c9000 Exception <a 'java/lang/NoSuchMethodError'{0x00000000866995c8}: 'int java.lang.invoke.DirectMethodHandle$Holder.invokeVirtual(java.lang.Object, java.lang.Object)'> (0x00000000866995c8) thrown at [./src/hotspot/share/interpreter/linkResolver.cpp, line 773]
Event: 52.648 Thread 0x000001bf6a3cd000 Exception <a 'java/lang/ClassNotFoundException'{0x000000008513cdd8}: com/android/build/gradle/internal/api/ApkVariantOutputImpl_DecoratedBeanInfo> (0x000000008513cdd8) thrown at [./src/hotspot/share/classfile/systemDictionary.cpp, line 231]
Event: 52.648 Thread 0x000001bf6a3cd000 Exception <a 'java/lang/ClassNotFoundException'{0x0000000085153020}: com/android/build/gradle/internal/api/ApkVariantOutputImplBeanInfo> (0x0000000085153020) thrown at [./src/hotspot/share/classfile/systemDictionary.cpp, line 231]
Event: 52.648 Thread 0x000001bf6a3cd000 Exception <a 'java/lang/ClassNotFoundException'{0x00000000851698a0}: com/android/build/gradle/internal/api/BaseVariantOutputImplBeanInfo> (0x00000000851698a0) thrown at [./src/hotspot/share/classfile/systemDictionary.cpp, line 231]
Event: 52.649 Thread 0x000001bf6a3cd000 Exception <a 'java/lang/ClassNotFoundException'{0x0000000085180148}: com/android/build/gradle/internal/api/BaseVariantOutputImplCustomizer> (0x0000000085180148) thrown at [./src/hotspot/share/classfile/systemDictionary.cpp, line 231]
Event: 52.650 Thread 0x000001bf6a3cd000 Exception <a 'java/lang/ClassNotFoundException'{0x00000000851a9318}: com/android/build/gradle/internal/api/ApkVariantOutputImplCustomizer> (0x00000000851a9318) thrown at [./src/hotspot/share/classfile/systemDictionary.cpp, line 231]
Event: 52.650 Thread 0x000001bf6a3cd000 Exception <a 'java/lang/ClassNotFoundException'{0x00000000851ce278}: com/android/build/gradle/internal/api/ApkVariantOutputImpl_DecoratedCustomizer> (0x00000000851ce278) thrown at [./src/hotspot/share/classfile/systemDictionary.cpp, line 231]
Event: 53.139 Thread 0x000001bf6a3cd000 Exception <a 'java/lang/NoSuchMethodError'{0x000000008934a9b8}: 'void java.lang.invoke.DirectMethodHandle$Holder.invokeStatic(java.lang.Object, java.lang.Object, java.lang.Object, java.lang.Object, java.lang.Object, java.lang.Object, java.lang.Object)'> (0x000000008934a9b8) thrown at [./src/hotspot/share/interpreter/linkResolver.cpp, line 773]

Events (20 events):
Event: 54.042 loading class com/android/builder/sdk/InstallFailedException
Event: 54.042 loading class com/android/builder/sdk/InstallFailedException done
Event: 54.043 loading class com/android/repository/api/ProgressIndicator
Event: 54.043 loading class com/android/repository/api/ProgressIndicator done
Event: 54.131 loading class com/android/build/gradle/internal/GradleLocalPropertiesFactory
Event: 54.131 loading class com/android/build/gradle/internal/GradleLocalPropertiesFactory done
Event: 54.406 loading class com/android/build/gradle/internal/EnvironmentVariablesPropertiesFactory
Event: 54.406 loading class com/android/build/gradle/internal/EnvironmentVariablesPropertiesFactory done
Event: 54.407 loading class com/android/build/gradle/internal/SystemPropertiesFactory
Event: 54.407 loading class com/android/build/gradle/internal/SystemPropertiesFactory done
Event: 54.408 loading class com/android/builder/sdk/SdkLibData
Event: 54.408 loading class com/android/builder/sdk/SdkLibData done
Event: 54.409 loading class com/android/build/gradle/internal/SdkLibDataFactory
Event: 54.409 loading class com/android/build/gradle/internal/SdkLibDataFactory done
Event: 54.410 loading class com/android/repository/impl/downloader/LocalFileAwareDownloader
Event: 54.410 loading class com/android/repository/impl/downloader/LocalFileAwareDownloader done
Event: 54.411 loading class com/android/repository/api/Downloader
Event: 54.411 loading class com/android/repository/api/Downloader done
Event: 54.413 loading class com/android/sdklib/repository/legacy/LegacyDownloader
Event: 54.413 loading class com/android/sdklib/repository/legacy/LegacyDownloader done


Dynamic libraries:
0x00007ff67b8f0000 - 0x00007ff67b8fa000 	C:\Program Files\Android\Android Studio\jre\bin\java.exe
0x00007ffa44930000 - 0x00007ffa44b25000 	C:\Windows\SYSTEM32\ntdll.dll
0x00007ffa44510000 - 0x00007ffa445cd000 	C:\Windows\System32\KERNEL32.DLL
0x00007ffa423b0000 - 0x00007ffa42678000 	C:\Windows\System32\KERNELBASE.dll
0x00007ffa42810000 - 0x00007ffa42910000 	C:\Windows\System32\ucrtbase.dll
0x00007ffa39b10000 - 0x00007ffa39b27000 	C:\Program Files\Android\Android Studio\jre\bin\VCRUNTIME140.dll
0x00007ffa39af0000 - 0x00007ffa39b09000 	C:\Program Files\Android\Android Studio\jre\bin\jli.dll
0x00007ffa44210000 - 0x00007ffa443b0000 	C:\Windows\System32\USER32.dll
0x00007ffa42330000 - 0x00007ffa42352000 	C:\Windows\System32\win32u.dll
0x00007ffa21840000 - 0x00007ffa21ada000 	C:\Windows\WinSxS\amd64_microsoft.windows.common-controls_6595b64144ccf1df_6.0.19041.844_none_ca00b6081b84eb1d\COMCTL32.dll
0x00007ffa430b0000 - 0x00007ffa430da000 	C:\Windows\System32\GDI32.dll
0x00007ffa44470000 - 0x00007ffa4450e000 	C:\Windows\System32\msvcrt.dll
0x00007ffa42220000 - 0x00007ffa4232b000 	C:\Windows\System32\gdi32full.dll
0x00007ffa420d0000 - 0x00007ffa4216d000 	C:\Windows\System32\msvcp_win.dll
0x00007ffa448c0000 - 0x00007ffa448f0000 	C:\Windows\System32\IMM32.DLL
0x00007ffa12b90000 - 0x00007ffa12c2d000 	C:\Program Files\Android\Android Studio\jre\bin\msvcp140.dll
0x00007ff9c9b40000 - 0x00007ff9ca5fc000 	C:\Program Files\Android\Android Studio\jre\bin\server\jvm.dll
0x00007ffa443b0000 - 0x00007ffa4445c000 	C:\Windows\System32\ADVAPI32.dll
0x00007ffa42f60000 - 0x00007ffa42ffb000 	C:\Windows\System32\sechost.dll
0x00007ffa43510000 - 0x00007ffa4363b000 	C:\Windows\System32\RPCRT4.dll
0x00007ffa42990000 - 0x00007ffa42998000 	C:\Windows\System32\PSAPI.DLL
0x00007ffa3d4f0000 - 0x00007ffa3d4f9000 	C:\Windows\SYSTEM32\WSOCK32.dll
0x00007ffa3b0c0000 - 0x00007ffa3b0ca000 	C:\Windows\SYSTEM32\VERSION.dll
0x00007ffa23510000 - 0x00007ffa23537000 	C:\Windows\SYSTEM32\WINMM.dll
0x00007ffa43f40000 - 0x00007ffa43fab000 	C:\Windows\System32\WS2_32.dll
0x00007ffa40990000 - 0x00007ffa409a2000 	C:\Windows\SYSTEM32\kernel.appcore.dll
0x00007ffa39ad0000 - 0x00007ffa39ae1000 	C:\Program Files\Android\Android Studio\jre\bin\verify.dll
0x00007ffa3fed0000 - 0x00007ffa400b4000 	C:\Windows\SYSTEM32\DBGHELP.DLL
0x00007ffa3a1c0000 - 0x00007ffa3a1ec000 	C:\Windows\SYSTEM32\dbgcore.DLL
0x00007ffa42910000 - 0x00007ffa42990000 	C:\Windows\System32\bcryptPrimitives.dll
0x00007ffa39a60000 - 0x00007ffa39a89000 	C:\Program Files\Android\Android Studio\jre\bin\java.dll
0x00007ffa3c400000 - 0x00007ffa3c40b000 	C:\Program Files\Android\Android Studio\jre\bin\jimage.dll
0x00007ffa39ab0000 - 0x00007ffa39ac8000 	C:\Program Files\Android\Android Studio\jre\bin\zip.dll
0x00007ffa43730000 - 0x00007ffa43e72000 	C:\Windows\System32\SHELL32.dll
0x00007ffa401a0000 - 0x00007ffa40930000 	C:\Windows\SYSTEM32\windows.storage.dll
0x00007ffa431b0000 - 0x00007ffa43505000 	C:\Windows\System32\combase.dll
0x00007ffa41a10000 - 0x00007ffa41a3c000 	C:\Windows\SYSTEM32\Wldp.dll
0x00007ffa43000000 - 0x00007ffa430ae000 	C:\Windows\System32\SHCORE.dll
0x00007ffa43640000 - 0x00007ffa43695000 	C:\Windows\System32\shlwapi.dll
0x00007ffa41fb0000 - 0x00007ffa41fcf000 	C:\Windows\SYSTEM32\profapi.dll
0x00007ffa39a40000 - 0x00007ffa39a5a000 	C:\Program Files\Android\Android Studio\jre\bin\net.dll
0x00007ffa33620000 - 0x00007ffa3372b000 	C:\Windows\SYSTEM32\WINHTTP.dll
0x00007ffa41780000 - 0x00007ffa417ea000 	C:\Windows\system32\mswsock.dll
0x00007ffa39a20000 - 0x00007ffa39a34000 	C:\Program Files\Android\Android Studio\jre\bin\nio.dll
0x00007ffa20240000 - 0x00007ffa20266000 	C:\Users\HP\.gradle\native\fdc75f09e3144964f2cf3f50f0aa648679c211496f362492102eb8c894070792\windows-amd64\native-platform.dll
0x00007ff9cfb50000 - 0x00007ff9cfce1000 	C:\Users\HP\.gradle\native\12488b8bf47d2d4c9fbf2f6322a914ad602e24e48041cd04a747c6da556b65c4\windows-amd64\native-platform-file-events.dll
0x00007ffa3b6a0000 - 0x00007ffa3b6aa000 	C:\Program Files\Android\Android Studio\jre\bin\management.dll
0x00007ffa3a110000 - 0x00007ffa3a11c000 	C:\Program Files\Android\Android Studio\jre\bin\management_ext.dll
0x00007ffa41960000 - 0x00007ffa41978000 	C:\Windows\SYSTEM32\CRYPTSP.dll
0x00007ffa41120000 - 0x00007ffa41154000 	C:\Windows\system32\rsaenh.dll
0x00007ffa42680000 - 0x00007ffa426a7000 	C:\Windows\System32\bcrypt.dll
0x00007ffa41f70000 - 0x00007ffa41f9e000 	C:\Windows\SYSTEM32\USERENV.dll
0x00007ffa41950000 - 0x00007ffa4195c000 	C:\Windows\SYSTEM32\CRYPTBASE.dll
0x00007ffa41470000 - 0x00007ffa414ab000 	C:\Windows\SYSTEM32\IPHLPAPI.DLL
0x00007ffa44460000 - 0x00007ffa44468000 	C:\Windows\System32\NSI.dll
0x00007ffa38da0000 - 0x00007ffa38db7000 	C:\Windows\SYSTEM32\dhcpcsvc6.DLL
0x00007ffa39100000 - 0x00007ffa3911d000 	C:\Windows\SYSTEM32\dhcpcsvc.DLL
0x00007ffa414b0000 - 0x00007ffa4157c000 	C:\Windows\SYSTEM32\DNSAPI.dll
0x00007ffa39430000 - 0x00007ffa3943b000 	C:\Windows\SYSTEM32\WINNSI.DLL

dbghelp: loaded successfully - version: 4.0.5 - missing functions: none
symbol engine: initialized successfully - sym options: 0x614 - pdb path: .;C:\Program Files\Android\Android Studio\jre\bin;C:\Windows\SYSTEM32;C:\Windows\WinSxS\amd64_microsoft.windows.common-controls_6595b64144ccf1df_6.0.19041.844_none_ca00b6081b84eb1d;C:\Program Files\Android\Android Studio\jre\bin\server;C:\Users\HP\.gradle\native\fdc75f09e3144964f2cf3f50f0aa648679c211496f362492102eb8c894070792\windows-amd64;C:\Users\HP\.gradle\native\12488b8bf47d2d4c9fbf2f6322a914ad602e24e48041cd04a747c6da556b65c4\windows-amd64

VM Arguments:
jvm_args: --add-opens=java.base/java.util=ALL-UNNAMED --add-opens=java.base/java.lang=ALL-UNNAMED --add-opens=java.base/java.lang.invoke=ALL-UNNAMED --add-opens=java.prefs/java.util.prefs=ALL-UNNAMED -Xmx2048m -Dfile.encoding=UTF-8 -Duser.country=US -Duser.language=en -Duser.variant 
java_command: org.gradle.launcher.daemon.bootstrap.GradleDaemon 6.7.1
java_class_path (initial): C:\Users\HP\.gradle\wrapper\dists\gradle-6.7.1-bin\bwlcbys1h7rz3272sye1xwiv6\gradle-6.7.1\lib\gradle-launcher-6.7.1.jar
Launcher Type: SUN_STANDARD

[Global flags]
     intx CICompilerCount                          = 3                                         {product} {ergonomic}
     uint ConcGCThreads                            = 1                                         {product} {ergonomic}
     uint G1ConcRefinementThreads                  = 4                                         {product} {ergonomic}
   size_t G1HeapRegionSize                         = 1048576                                   {product} {ergonomic}
    uintx GCDrainStackTargetSize                   = 64                                        {product} {ergonomic}
   size_t InitialHeapSize                          = 134217728                                 {product} {ergonomic}
   size_t MarkStackSize                            = 4194304                                   {product} {ergonomic}
   size_t MaxHeapSize                              = 2147483648                                {product} {command line}
   size_t MaxNewSize                               = 1287651328                                {product} {ergonomic}
   size_t MinHeapDeltaBytes                        = 1048576                                   {product} {ergonomic}
    uintx NonNMethodCodeHeapSize                   = 5830732                                {pd product} {ergonomic}
    uintx NonProfiledCodeHeapSize                  = 122913754                              {pd product} {ergonomic}
    uintx ProfiledCodeHeapSize                     = 122913754                              {pd product} {ergonomic}
    uintx ReservedCodeCacheSize                    = 251658240                              {pd product} {ergonomic}
     bool SegmentedCodeCache                       = true                                      {product} {ergonomic}
     bool UseCompressedClassPointers               = true                                 {lp64_product} {ergonomic}
     bool UseCompressedOops                        = true                                 {lp64_product} {ergonomic}
     bool UseG1GC                                  = true                                      {product} {ergonomic}
     bool UseLargePagesIndividualAllocation        = false                                  {pd product} {ergonomic}

Logging:
Log output configuration:
 #0: stdout all=warning uptime,level,tags
 #1: stderr all=off uptime,level,tags

Environment Variables:
PATH=C:\Program Files\Common Files\Oracle\Java\javapath;C:\Windows\system32;C:\Windows;C:\Windows\System32\Wbem;C:\Windows\System32\WindowsPowerShell\v1.0\;C:\Windows\System32\OpenSSH\;C:\Program Files\dotnet\;C:\Program Files\Microsoft SQL Server\130\Tools\Binn\;C:\Program Files\Microsoft SQL Server\Client SDK\ODBC\170\Tools\Binn\;C:\Program Files (x86)\Brackets\command;C:\Program Files (x86)\Microsoft SQL Server\150\Tools\Binn\;C:\Program Files\Microsoft SQL Server\150\Tools\Binn\;C:\Program Files\Microsoft SQL Server\150\DTS\Binn\;C:\Program Files (x86)\Microsoft SQL Server\150\DTS\Binn\;C:\Program Files\Azure Data Studio\bin;C:\Program Files\Java\jdk-15.0.1\bin;C:\Program Files\Dart\dart-sdk\bin;C:\Users\HP\Downloads\Compressed\flutter_windows_1.22.5-stable\flutter;C:\Program Files\Git\cmd;C:\Users\HP\Downloads\Compressed\flutter_windows_2.2.0-stable\flutter;C:\Users\HP\AppData\Local\Microsoft\WindowsApps;C:\Users\HP\.dotnet\tools;C:\Program Files\Azure Data Studio\bin;C:\Users\HP\Downloads\Compressed\flutter_windows_1.22.5-stable\flutter;C:\Program Files\Git;C:\Program Files\Git\cmd;C:\Program Files\Git\bin;C:\Users\HP\Downloads\Compressed\flutter_windows_2.2.0-stable\flutter;
USERNAME=HP
OS=Windows_NT
PROCESSOR_IDENTIFIER=Intel64 Family 6 Model 142 Stepping 9, GenuineIntel



---------------  S Y S T E M  ---------------

OS: Windows 10 , 64 bit Build 19041 (10.0.19041.928)
OS uptime: 1 days 13:14 hours

CPU:total 4 (initial active 4) (2 cores per cpu, 2 threads per core) family 6 model 142 stepping 9, cmov, cx8, fxsr, mmx, sse, sse2, sse3, ssse3, sse4.1, sse4.2, popcnt, avx, avx2, aes, clmul, erms, 3dnowpref, lzcnt, ht, tsc, tscinvbit, bmi1, bmi2, adx, fma

Memory: 4k page, system-wide physical 8108M (282M free)
TotalPageFile size 16300M (AvailPageFile size 6310M)
current process WorkingSet (physical memory assigned to process): 334M, peak: 334M
current process commit charge ("private bytes"): 378M, peak: 379M

vm_info: OpenJDK 64-Bit Server VM (11.0.8+10-b944.6842174) for windows-amd64 JRE (11.0.8+10-b944.6842174), built on Sep 19 2020 01:11:42 by "builder" with MS VC++ 14.0 (VS2015)

END.
